0 info it worked if it ends with ok
1 verbose cli [ '/usr/bin/node', '/usr/bin/npm', 'install', '--global', 'cross-env' ]
2 info using npm@6.14.4
3 info using node@v12.16.2
4 verbose npm-session aeb054b2d008c3d8
5 silly install loadCurrentTree
6 silly install readGlobalPackageData
7 http fetch GET 304 https://registry.npmjs.org/cross-env 98ms (from cache)
8 http fetch GET 200 https://registry.npmjs.org/cross-env/-/cross-env-7.0.2.tgz 8ms (from cache)
9 silly pacote tag manifest for cross-env@latest fetched in 122ms
10 timing stage:loadCurrentTree Completed in 137ms
11 silly install loadIdealTree
12 silly install cloneCurrentTreeToIdealTree
13 timing stage:loadIdealTree:cloneCurrentTree Completed in 0ms
14 silly install loadShrinkwrap
15 timing stage:loadIdealTree:loadShrinkwrap Completed in 1ms
16 silly install loadAllDepsIntoIdealTree
17 silly resolveWithNewModule cross-env@7.0.2 checking installable status
18 http fetch GET 304 https://registry.npmjs.org/cross-spawn 28ms (from cache)
19 silly pacote range manifest for cross-spawn@^7.0.1 fetched in 30ms
20 silly resolveWithNewModule cross-spawn@7.0.3 checking installable status
21 http fetch GET 304 https://registry.npmjs.org/path-key 29ms (from cache)
22 silly pacote range manifest for path-key@^3.1.0 fetched in 37ms
23 silly resolveWithNewModule path-key@3.1.1 checking installable status
24 http fetch GET 304 https://registry.npmjs.org/shebang-command 41ms (from cache)
25 silly pacote range manifest for shebang-command@^2.0.0 fetched in 42ms
26 silly resolveWithNewModule shebang-command@2.0.0 checking installable status
27 http fetch GET 304 https://registry.npmjs.org/which 58ms (from cache)
28 silly pacote range manifest for which@^2.0.1 fetched in 59ms
29 silly resolveWithNewModule which@2.0.2 checking installable status
30 http fetch GET 304 https://registry.npmjs.org/shebang-regex 22ms (from cache)
31 silly pacote range manifest for shebang-regex@^3.0.0 fetched in 23ms
32 silly resolveWithNewModule shebang-regex@3.0.0 checking installable status
33 http fetch GET 304 https://registry.npmjs.org/isexe 19ms (from cache)
34 silly pacote range manifest for isexe@^2.0.0 fetched in 20ms
35 silly resolveWithNewModule isexe@2.0.0 checking installable status
36 timing stage:loadIdealTree:loadAllDepsIntoIdealTree Completed in 147ms
37 timing stage:loadIdealTree Completed in 151ms
38 silly currentTree lib
39 silly idealTree lib
39 silly idealTree └─┬ cross-env@7.0.2
39 silly idealTree   ├── cross-spawn@7.0.3
39 silly idealTree   ├── isexe@2.0.0
39 silly idealTree   ├── path-key@3.1.1
39 silly idealTree   ├── shebang-command@2.0.0
39 silly idealTree   ├── shebang-regex@3.0.0
39 silly idealTree   └── which@2.0.2
40 silly install generateActionsToTake
41 warn checkPermissions Missing write access to /usr/lib/node_modules
42 timing stage:rollbackFailedOptional Completed in 0ms
43 timing stage:runTopLevelLifecycles Completed in 293ms
44 verbose stack Error: EACCES: permission denied, access '/usr/lib/node_modules'
45 verbose cwd /home/vagrant/code/sample
46 verbose Linux 4.15.0-96-generic
47 verbose argv "/usr/bin/node" "/usr/bin/npm" "install" "--global" "cross-env"
48 verbose node v12.16.2
49 verbose npm  v6.14.4
50 error code EACCES
51 error syscall access
52 error path /usr/lib/node_modules
53 error errno -13
54 error Error: EACCES: permission denied, access '/usr/lib/node_modules'
54 error  [Error: EACCES: permission denied, access '/usr/lib/node_modules'] {
54 error   stack: "Error: EACCES: permission denied, access '/usr/lib/node_modules'",
54 error   errno: -13,
54 error   code: 'EACCES',
54 error   syscall: 'access',
54 error   path: '/usr/lib/node_modules'
54 error }
55 error The operation was rejected by your operating system.
55 error It is likely you do not have the permissions to access this file as the current user
55 error
55 error If you believe this might be a permissions issue, please double-check the
55 error permissions of the file and its containing directories, or try running
55 error the command again as root/Administrator.
56 verbose exit [ -13, true ]
