0 info it worked if it ends with ok
1 verbose cli [ '/usr/bin/node', '/usr/bin/npm', 'install', '-global', 'gulp' ]
2 info using npm@6.14.4
3 info using node@v12.16.2
4 verbose npm-session 9767bfd5328a77d7
5 silly install loadCurrentTree
6 silly install readGlobalPackageData
7 http fetch GET 200 https://registry.npmjs.org/gulp 114ms
8 http fetch GET 200 https://registry.npmjs.org/gulp/-/gulp-4.0.2.tgz 37ms
9 silly pacote tag manifest for gulp@latest fetched in 175ms
10 timing stage:loadCurrentTree Completed in 192ms
11 silly install loadIdealTree
12 silly install cloneCurrentTreeToIdealTree
13 timing stage:loadIdealTree:cloneCurrentTree Completed in 0ms
14 silly install loadShrinkwrap
15 timing stage:loadIdealTree:loadShrinkwrap Completed in 1ms
16 silly install loadAllDepsIntoIdealTree
17 silly resolveWithNewModule gulp@4.0.2 checking installable status
18 http fetch GET 200 https://registry.npmjs.org/glob-watcher 53ms
19 http fetch GET 200 https://registry.npmjs.org/gulp-cli 57ms
20 http fetch GET 200 https://registry.npmjs.org/undertaker 66ms
21 http fetch GET 200 https://registry.npmjs.org/glob-watcher/-/glob-watcher-5.0.5.tgz 48ms
22 http fetch GET 200 https://registry.npmjs.org/gulp-cli/-/gulp-cli-2.3.0.tgz 45ms
23 http fetch GET 200 https://registry.npmjs.org/undertaker/-/undertaker-1.2.1.tgz 34ms
24 http fetch GET 200 https://registry.npmjs.org/vinyl-fs 101ms
25 silly pacote range manifest for glob-watcher@^5.0.3 fetched in 111ms
26 silly resolveWithNewModule glob-watcher@5.0.5 checking installable status
27 silly pacote range manifest for gulp-cli@^2.2.0 fetched in 110ms
28 silly resolveWithNewModule gulp-cli@2.3.0 checking installable status
29 silly pacote range manifest for undertaker@^1.2.1 fetched in 109ms
30 silly resolveWithNewModule undertaker@1.2.1 checking installable status
31 http fetch GET 200 https://registry.npmjs.org/vinyl-fs/-/vinyl-fs-3.0.3.tgz 28ms
32 silly pacote range manifest for vinyl-fs@^3.0.0 fetched in 135ms
33 silly resolveWithNewModule vinyl-fs@3.0.3 checking installable status
34 http fetch GET 200 https://registry.npmjs.org/async-done 56ms
35 http fetch GET 200 https://registry.npmjs.org/just-debounce 55ms
36 http fetch GET 200 https://registry.npmjs.org/is-negated-glob 55ms
37 http fetch GET 200 https://registry.npmjs.org/object.defaults 54ms
38 http fetch GET 200 https://registry.npmjs.org/chokidar 107ms
39 http fetch GET 200 https://registry.npmjs.org/just-debounce/-/just-debounce-1.0.0.tgz 52ms
40 http fetch GET 200 https://registry.npmjs.org/async-done/-/async-done-1.3.2.tgz 65ms
41 silly pacote range manifest for chokidar@^2.0.0 fetched in 125ms
42 warn deprecated chokidar@2.1.8: Chokidar 2 will break on node v14+. Upgrade to chokidar 3 with 15x less dependencies.
43 silly resolveWithNewModule chokidar@2.1.8 checking installable status
44 http fetch GET 304 https://registry.npmjs.org/normalize-path 130ms (from cache)
45 http fetch GET 304 https://registry.npmjs.org/anymatch 134ms (from cache)
46 silly pacote range manifest for normalize-path@^3.0.0 fetched in 133ms
47 silly resolveWithNewModule normalize-path@3.0.0 checking installable status
48 http fetch GET 200 https://registry.npmjs.org/is-negated-glob/-/is-negated-glob-1.0.0.tgz 76ms
49 silly pacote range manifest for just-debounce@^1.0.0 fetched in 135ms
50 silly resolveWithNewModule just-debounce@1.0.0 checking installable status
51 silly pacote range manifest for async-done@^1.2.0 fetched in 137ms
52 silly resolveWithNewModule async-done@1.3.2 checking installable status
53 http fetch GET 200 https://registry.npmjs.org/object.defaults/-/object.defaults-1.1.0.tgz 78ms
54 silly pacote range manifest for anymatch@^2.0.0 fetched in 139ms
55 silly resolveWithNewModule anymatch@2.0.0 checking installable status
56 silly pacote range manifest for is-negated-glob@^1.0.0 fetched in 140ms
57 silly resolveWithNewModule is-negated-glob@1.0.0 checking installable status
58 silly pacote range manifest for object.defaults@^1.1.0 fetched in 143ms
59 silly resolveWithNewModule object.defaults@1.1.0 checking installable status
60 silly pacote range manifest for normalize-path@^2.1.1 fetched in 3ms
61 silly resolveWithNewModule normalize-path@2.1.1 checking installable status
62 http fetch GET 304 https://registry.npmjs.org/micromatch 42ms (from cache)
63 silly pacote range manifest for micromatch@^3.1.4 fetched in 45ms
64 silly resolveWithNewModule micromatch@3.1.10 checking installable status
65 http fetch GET 304 https://registry.npmjs.org/extglob 49ms (from cache)
66 http fetch GET 304 https://registry.npmjs.org/fragment-cache 50ms (from cache)
67 silly pacote range manifest for extglob@^2.0.4 fetched in 52ms
68 silly resolveWithNewModule extglob@2.0.4 checking installable status
69 silly pacote range manifest for fragment-cache@^0.2.1 fetched in 53ms
70 silly resolveWithNewModule fragment-cache@0.2.1 checking installable status
71 http fetch GET 304 https://registry.npmjs.org/define-property 57ms (from cache)
72 silly pacote range manifest for define-property@^2.0.2 fetched in 62ms
73 silly resolveWithNewModule define-property@2.0.2 checking installable status
74 http fetch GET 304 https://registry.npmjs.org/object.pick 73ms (from cache)
75 http fetch GET 304 https://registry.npmjs.org/kind-of 79ms (from cache)
76 http fetch GET 304 https://registry.npmjs.org/extend-shallow 84ms (from cache)
77 silly pacote range manifest for object.pick@^1.3.0 fetched in 83ms
78 silly resolveWithNewModule object.pick@1.3.0 checking installable status
79 silly pacote range manifest for kind-of@^6.0.2 fetched in 96ms
80 silly resolveWithNewModule kind-of@6.0.3 checking installable status
81 silly pacote range manifest for extend-shallow@^3.0.2 fetched in 100ms
82 silly resolveWithNewModule extend-shallow@3.0.2 checking installable status
83 http fetch GET 304 https://registry.npmjs.org/array-unique 104ms (from cache)
84 silly pacote range manifest for array-unique@^0.3.2 fetched in 109ms
85 silly resolveWithNewModule array-unique@0.3.2 checking installable status
86 http fetch GET 304 https://registry.npmjs.org/nanomatch 109ms (from cache)
87 http fetch GET 304 https://registry.npmjs.org/braces 112ms (from cache)
88 http fetch GET 304 https://registry.npmjs.org/arr-diff 114ms (from cache)
89 silly pacote range manifest for nanomatch@^1.2.9 fetched in 114ms
90 silly resolveWithNewModule nanomatch@1.2.13 checking installable status
91 silly pacote range manifest for arr-diff@^4.0.0 fetched in 117ms
92 silly resolveWithNewModule arr-diff@4.0.0 checking installable status
93 silly pacote range manifest for braces@^2.3.1 fetched in 117ms
94 silly resolveWithNewModule braces@2.3.2 checking installable status
95 http fetch GET 304 https://registry.npmjs.org/snapdragon 62ms (from cache)
96 http fetch GET 304 https://registry.npmjs.org/regex-not 66ms (from cache)
97 http fetch GET 304 https://registry.npmjs.org/to-regex 57ms (from cache)
98 silly pacote range manifest for snapdragon@^0.8.1 fetched in 67ms
99 silly resolveWithNewModule snapdragon@0.8.2 checking installable status
100 silly pacote range manifest for regex-not@^1.0.0 fetched in 69ms
101 silly resolveWithNewModule regex-not@1.0.2 checking installable status
102 silly pacote range manifest for to-regex@^3.0.2 fetched in 61ms
103 silly resolveWithNewModule to-regex@3.0.2 checking installable status
104 silly pacote range manifest for extend-shallow@^2.0.1 fetched in 14ms
105 silly resolveWithNewModule extend-shallow@2.0.1 checking installable status
106 http fetch GET 304 https://registry.npmjs.org/isobject 60ms (from cache)
107 silly pacote range manifest for isobject@^3.0.1 fetched in 64ms
108 silly resolveWithNewModule isobject@3.0.1 checking installable status
109 http fetch GET 304 https://registry.npmjs.org/fill-range 65ms (from cache)
110 http fetch GET 304 https://registry.npmjs.org/snapdragon-node 66ms (from cache)
111 silly pacote range manifest for snapdragon-node@^2.0.1 fetched in 68ms
112 silly resolveWithNewModule snapdragon-node@2.1.1 checking installable status
113 silly pacote range manifest for fill-range@^4.0.0 fetched in 68ms
114 silly resolveWithNewModule fill-range@4.0.0 checking installable status
115 http fetch GET 304 https://registry.npmjs.org/repeat-element 69ms (from cache)
116 http fetch GET 304 https://registry.npmjs.org/arr-flatten 70ms (from cache)
117 http fetch GET 304 https://registry.npmjs.org/split-string 70ms (from cache)
118 silly pacote range manifest for repeat-element@^1.1.2 fetched in 75ms
119 silly resolveWithNewModule repeat-element@1.1.3 checking installable status
120 silly pacote range manifest for arr-flatten@^1.1.0 fetched in 77ms
121 silly resolveWithNewModule arr-flatten@1.1.0 checking installable status
122 silly pacote range manifest for split-string@^3.0.2 fetched in 76ms
123 silly resolveWithNewModule split-string@3.1.0 checking installable status
124 http fetch GET 304 https://registry.npmjs.org/is-extendable 26ms (from cache)
125 silly pacote range manifest for is-extendable@^0.1.0 fetched in 29ms
126 silly resolveWithNewModule is-extendable@0.1.1 checking installable status
127 silly pacote range manifest for extend-shallow@^2.0.1 fetched in 2ms
128 silly resolveWithNewModule extend-shallow@2.0.1 checking installable status
129 http fetch GET 304 https://registry.npmjs.org/is-number 28ms (from cache)
130 silly pacote range manifest for is-number@^3.0.0 fetched in 30ms
131 silly resolveWithNewModule is-number@3.0.0 checking installable status
132 http fetch GET 304 https://registry.npmjs.org/repeat-string 37ms (from cache)
133 http fetch GET 304 https://registry.npmjs.org/to-regex-range 38ms (from cache)
134 silly pacote range manifest for repeat-string@^1.6.1 fetched in 39ms
135 silly resolveWithNewModule repeat-string@1.6.1 checking installable status
136 silly pacote range manifest for to-regex-range@^2.1.0 fetched in 40ms
137 silly resolveWithNewModule to-regex-range@2.1.1 checking installable status
138 silly pacote range manifest for kind-of@^3.0.2 fetched in 1ms
139 silly resolveWithNewModule kind-of@3.2.2 checking installable status
140 http fetch GET 304 https://registry.npmjs.org/is-buffer 26ms (from cache)
141 silly pacote range manifest for is-buffer@^1.1.5 fetched in 28ms
142 silly resolveWithNewModule is-buffer@1.1.6 checking installable status
143 silly pacote range manifest for extend-shallow@^2.0.1 fetched in 5ms
144 silly resolveWithNewModule extend-shallow@2.0.1 checking installable status
145 silly pacote range manifest for define-property@^0.2.5 fetched in 9ms
146 silly resolveWithNewModule define-property@0.2.5 checking installable status
147 http fetch GET 304 https://registry.npmjs.org/map-cache 33ms (from cache)
148 http fetch GET 304 https://registry.npmjs.org/debug 36ms (from cache)
149 silly pacote range manifest for map-cache@^0.2.2 fetched in 38ms
150 silly resolveWithNewModule map-cache@0.2.2 checking installable status
151 silly pacote range manifest for debug@^2.2.0 fetched in 41ms
152 silly resolveWithNewModule debug@2.6.9 checking installable status
153 http fetch GET 304 https://registry.npmjs.org/use 44ms (from cache)
154 http fetch GET 304 https://registry.npmjs.org/base 46ms (from cache)
155 silly pacote range manifest for use@^3.1.0 fetched in 47ms
156 silly resolveWithNewModule use@3.1.1 checking installable status
157 silly pacote range manifest for base@^0.11.1 fetched in 50ms
158 silly resolveWithNewModule base@0.11.2 checking installable status
159 http fetch GET 304 https://registry.npmjs.org/source-map-resolve 50ms (from cache)
160 silly pacote range manifest for source-map-resolve@^0.5.0 fetched in 54ms
161 silly resolveWithNewModule source-map-resolve@0.5.3 checking installable status
162 http fetch GET 304 https://registry.npmjs.org/source-map 57ms (from cache)
163 silly pacote range manifest for source-map@^0.5.6 fetched in 60ms
164 silly resolveWithNewModule source-map@0.5.7 checking installable status
165 silly pacote range manifest for define-property@^1.0.0 fetched in 9ms
166 silly resolveWithNewModule define-property@1.0.0 checking installable status
167 http fetch GET 304 https://registry.npmjs.org/pascalcase 37ms (from cache)
168 http fetch GET 304 https://registry.npmjs.org/mixin-deep 38ms (from cache)
169 http fetch GET 304 https://registry.npmjs.org/component-emitter 39ms (from cache)
170 silly pacote range manifest for pascalcase@^0.1.1 fetched in 40ms
171 silly resolveWithNewModule pascalcase@0.1.1 checking installable status
172 silly pacote range manifest for mixin-deep@^1.2.0 fetched in 41ms
173 silly resolveWithNewModule mixin-deep@1.3.2 checking installable status
174 http fetch GET 304 https://registry.npmjs.org/cache-base 43ms (from cache)
175 silly pacote range manifest for component-emitter@^1.2.1 fetched in 44ms
176 silly resolveWithNewModule component-emitter@1.3.0 checking installable status
177 http fetch GET 304 https://registry.npmjs.org/class-utils 45ms (from cache)
178 silly pacote range manifest for cache-base@^1.0.1 fetched in 45ms
179 silly resolveWithNewModule cache-base@1.0.1 checking installable status
180 silly pacote range manifest for class-utils@^0.3.5 fetched in 46ms
181 silly resolveWithNewModule class-utils@0.3.6 checking installable status
182 http fetch GET 304 https://registry.npmjs.org/collection-visit 32ms (from cache)
183 silly pacote range manifest for collection-visit@^1.0.0 fetched in 35ms
184 silly resolveWithNewModule collection-visit@1.0.0 checking installable status
185 http fetch GET 304 https://registry.npmjs.org/get-value 63ms (from cache)
186 http fetch GET 304 https://registry.npmjs.org/has-value 70ms (from cache)
187 http fetch GET 304 https://registry.npmjs.org/set-value 70ms (from cache)
188 silly pacote range manifest for get-value@^2.0.6 fetched in 73ms
189 silly resolveWithNewModule get-value@2.0.6 checking installable status
190 silly pacote range manifest for set-value@^2.0.0 fetched in 75ms
191 silly resolveWithNewModule set-value@2.0.1 checking installable status
192 silly pacote range manifest for has-value@^1.0.0 fetched in 76ms
193 silly resolveWithNewModule has-value@1.0.0 checking installable status
194 http fetch GET 304 https://registry.npmjs.org/unset-value 75ms (from cache)
195 http fetch GET 304 https://registry.npmjs.org/to-object-path 77ms (from cache)
196 http fetch GET 304 https://registry.npmjs.org/union-value 78ms (from cache)
197 silly pacote range manifest for unset-value@^1.0.0 fetched in 78ms
198 silly resolveWithNewModule unset-value@1.0.0 checking installable status
199 silly pacote range manifest for to-object-path@^0.3.0 fetched in 81ms
200 silly resolveWithNewModule to-object-path@0.3.0 checking installable status
201 silly pacote range manifest for union-value@^1.0.0 fetched in 81ms
202 silly resolveWithNewModule union-value@1.0.1 checking installable status
203 http fetch GET 304 https://registry.npmjs.org/object-visit 27ms (from cache)
204 http fetch GET 304 https://registry.npmjs.org/map-visit 28ms (from cache)
205 silly pacote range manifest for object-visit@^1.0.0 fetched in 28ms
206 silly resolveWithNewModule object-visit@1.0.1 checking installable status
207 silly pacote range manifest for map-visit@^1.0.0 fetched in 29ms
208 silly resolveWithNewModule map-visit@1.0.0 checking installable status
209 http fetch GET 304 https://registry.npmjs.org/has-values 38ms (from cache)
210 silly pacote range manifest for has-values@^1.0.0 fetched in 40ms
211 silly resolveWithNewModule has-values@1.0.0 checking installable status
212 silly pacote range manifest for kind-of@^4.0.0 fetched in 1ms
213 silly resolveWithNewModule kind-of@4.0.0 checking installable status
214 silly pacote range manifest for extend-shallow@^2.0.1 fetched in 1ms
215 silly resolveWithNewModule extend-shallow@2.0.1 checking installable status
216 http fetch GET 200 https://registry.npmjs.org/is-plain-object 46ms
217 silly pacote range manifest for is-plain-object@^2.0.3 fetched in 48ms
218 silly resolveWithNewModule is-plain-object@2.0.4 checking installable status
219 silly pacote range manifest for is-extendable@^1.0.1 fetched in 2ms
220 silly resolveWithNewModule is-extendable@1.0.1 checking installable status
221 http fetch GET 304 https://registry.npmjs.org/assign-symbols 25ms (from cache)
222 silly pacote range manifest for assign-symbols@^1.0.0 fetched in 33ms
223 silly resolveWithNewModule assign-symbols@1.0.0 checking installable status
224 silly pacote range manifest for kind-of@^3.0.2 fetched in 1ms
225 silly resolveWithNewModule kind-of@3.2.2 checking installable status
226 http fetch GET 304 https://registry.npmjs.org/arr-union 20ms (from cache)
227 silly pacote range manifest for arr-union@^3.1.0 fetched in 21ms
228 silly resolveWithNewModule arr-union@3.1.0 checking installable status
229 silly pacote range manifest for has-value@^0.3.1 fetched in 2ms
230 silly resolveWithNewModule has-value@0.3.1 checking installable status
231 silly pacote range manifest for has-values@^0.1.4 fetched in 1ms
232 silly resolveWithNewModule has-values@0.1.4 checking installable status
233 silly pacote range manifest for isobject@^2.0.0 fetched in 2ms
234 silly resolveWithNewModule isobject@2.1.0 checking installable status
235 http fetch GET 304 https://registry.npmjs.org/isarray 26ms (from cache)
236 silly pacote version manifest for isarray@1.0.0 fetched in 29ms
237 silly resolveWithNewModule isarray@1.0.0 checking installable status
238 silly pacote range manifest for define-property@^0.2.5 fetched in 8ms
239 silly resolveWithNewModule define-property@0.2.5 checking installable status
240 http fetch GET 304 https://registry.npmjs.org/static-extend 29ms (from cache)
241 silly pacote range manifest for static-extend@^0.1.1 fetched in 30ms
242 silly resolveWithNewModule static-extend@0.1.2 checking installable status
243 http fetch GET 304 https://registry.npmjs.org/is-descriptor 20ms (from cache)
244 silly pacote range manifest for is-descriptor@^0.1.0 fetched in 21ms
245 silly resolveWithNewModule is-descriptor@0.1.6 checking installable status
246 silly pacote range manifest for kind-of@^5.0.0 fetched in 4ms
247 silly resolveWithNewModule kind-of@5.1.0 checking installable status
248 http fetch GET 304 https://registry.npmjs.org/is-accessor-descriptor 36ms (from cache)
249 silly pacote range manifest for is-accessor-descriptor@^0.1.6 fetched in 38ms
250 silly resolveWithNewModule is-accessor-descriptor@0.1.6 checking installable status
251 http fetch GET 304 https://registry.npmjs.org/is-data-descriptor 39ms (from cache)
252 silly pacote range manifest for is-data-descriptor@^0.1.4 fetched in 41ms
253 silly resolveWithNewModule is-data-descriptor@0.1.4 checking installable status
254 silly pacote range manifest for kind-of@^3.0.2 fetched in 1ms
255 silly resolveWithNewModule kind-of@3.2.2 checking installable status
256 silly pacote range manifest for kind-of@^3.0.2 fetched in 1ms
257 silly resolveWithNewModule kind-of@3.2.2 checking installable status
258 silly pacote range manifest for define-property@^0.2.5 fetched in 2ms
259 silly resolveWithNewModule define-property@0.2.5 checking installable status
260 http fetch GET 304 https://registry.npmjs.org/object-copy 28ms (from cache)
261 silly pacote range manifest for object-copy@^0.1.0 fetched in 29ms
262 silly resolveWithNewModule object-copy@0.1.0 checking installable status
263 silly pacote range manifest for define-property@^0.2.5 fetched in 2ms
264 silly resolveWithNewModule define-property@0.2.5 checking installable status
265 silly pacote range manifest for kind-of@^3.0.3 fetched in 2ms
266 silly resolveWithNewModule kind-of@3.2.2 checking installable status
267 http fetch GET 304 https://registry.npmjs.org/copy-descriptor 50ms (from cache)
268 silly pacote range manifest for copy-descriptor@^0.1.0 fetched in 51ms
269 silly resolveWithNewModule copy-descriptor@0.1.1 checking installable status
270 silly pacote range manifest for is-descriptor@^1.0.0 fetched in 2ms
271 silly resolveWithNewModule is-descriptor@1.0.2 checking installable status
272 silly pacote range manifest for is-accessor-descriptor@^1.0.0 fetched in 2ms
273 silly resolveWithNewModule is-accessor-descriptor@1.0.0 checking installable status
274 silly pacote range manifest for is-data-descriptor@^1.0.0 fetched in 2ms
275 silly resolveWithNewModule is-data-descriptor@1.0.0 checking installable status
276 silly pacote range manifest for is-extendable@^1.0.1 fetched in 2ms
277 silly resolveWithNewModule is-extendable@1.0.1 checking installable status
278 http fetch GET 304 https://registry.npmjs.org/for-in 29ms (from cache)
279 silly pacote range manifest for for-in@^1.0.2 fetched in 30ms
280 silly resolveWithNewModule for-in@1.0.2 checking installable status
281 http fetch GET 304 https://registry.npmjs.org/ms 23ms (from cache)
282 silly pacote version manifest for ms@2.0.0 fetched in 25ms
283 silly resolveWithNewModule ms@2.0.0 checking installable status
284 http fetch GET 304 https://registry.npmjs.org/resolve-url 42ms (from cache)
285 http fetch GET 304 https://registry.npmjs.org/decode-uri-component 43ms (from cache)
286 http fetch GET 304 https://registry.npmjs.org/urix 43ms (from cache)
287 silly pacote range manifest for resolve-url@^0.2.1 fetched in 45ms
288 warn deprecated resolve-url@0.2.1: https://github.com/lydell/resolve-url#deprecated
289 silly resolveWithNewModule resolve-url@0.2.1 checking installable status
290 silly pacote range manifest for decode-uri-component@^0.2.0 fetched in 46ms
291 silly resolveWithNewModule decode-uri-component@0.2.0 checking installable status
292 silly pacote range manifest for urix@^0.1.0 fetched in 47ms
293 warn deprecated urix@0.1.0: Please see https://github.com/lydell/urix#deprecated
294 silly resolveWithNewModule urix@0.1.0 checking installable status
295 http fetch GET 304 https://registry.npmjs.org/source-map-url 48ms (from cache)
296 http fetch GET 304 https://registry.npmjs.org/atob 49ms (from cache)
297 silly pacote range manifest for source-map-url@^0.4.0 fetched in 49ms
298 silly resolveWithNewModule source-map-url@0.4.0 checking installable status
299 silly pacote range manifest for atob@^2.1.2 fetched in 51ms
300 silly resolveWithNewModule atob@2.1.2 checking installable status
301 silly pacote range manifest for define-property@^1.0.0 fetched in 2ms
302 silly resolveWithNewModule define-property@1.0.0 checking installable status
303 http fetch GET 304 https://registry.npmjs.org/snapdragon-util 25ms (from cache)
304 silly pacote range manifest for snapdragon-util@^3.0.1 fetched in 26ms
305 silly resolveWithNewModule snapdragon-util@3.0.1 checking installable status
306 silly pacote range manifest for is-descriptor@^1.0.0 fetched in 16ms
307 silly resolveWithNewModule is-descriptor@1.0.2 checking installable status
308 silly pacote range manifest for is-accessor-descriptor@^1.0.0 fetched in 1ms
309 silly resolveWithNewModule is-accessor-descriptor@1.0.0 checking installable status
310 silly pacote range manifest for is-data-descriptor@^1.0.0 fetched in 1ms
311 silly resolveWithNewModule is-data-descriptor@1.0.0 checking installable status
312 silly pacote range manifest for kind-of@^3.2.0 fetched in 1ms
313 silly resolveWithNewModule kind-of@3.2.2 checking installable status
314 http fetch GET 304 https://registry.npmjs.org/safe-regex 22ms (from cache)
315 silly pacote range manifest for safe-regex@^1.1.0 fetched in 23ms
316 silly resolveWithNewModule safe-regex@1.1.0 checking installable status
317 silly pacote range manifest for is-descriptor@^1.0.2 fetched in 1ms
318 silly resolveWithNewModule is-descriptor@1.0.2 checking installable status
319 silly pacote range manifest for is-accessor-descriptor@^1.0.0 fetched in 5ms
320 silly resolveWithNewModule is-accessor-descriptor@1.0.0 checking installable status
321 silly pacote range manifest for is-data-descriptor@^1.0.0 fetched in 5ms
322 silly resolveWithNewModule is-data-descriptor@1.0.0 checking installable status
323 http fetch GET 304 https://registry.npmjs.org/ret 33ms (from cache)
324 silly pacote range manifest for ret@~0.1.10 fetched in 35ms
325 silly resolveWithNewModule ret@0.1.15 checking installable status
326 silly pacote range manifest for define-property@^1.0.0 fetched in 2ms
327 silly resolveWithNewModule define-property@1.0.0 checking installable status
328 silly pacote range manifest for extend-shallow@^2.0.1 fetched in 3ms
329 silly resolveWithNewModule extend-shallow@2.0.1 checking installable status
330 http fetch GET 304 https://registry.npmjs.org/expand-brackets 30ms (from cache)
331 silly pacote range manifest for expand-brackets@^2.1.4 fetched in 32ms
332 silly resolveWithNewModule expand-brackets@2.1.4 checking installable status
333 silly pacote range manifest for is-descriptor@^1.0.0 fetched in 1ms
334 silly resolveWithNewModule is-descriptor@1.0.2 checking installable status
335 silly pacote range manifest for is-accessor-descriptor@^1.0.0 fetched in 1ms
336 silly resolveWithNewModule is-accessor-descriptor@1.0.0 checking installable status
337 silly pacote range manifest for is-data-descriptor@^1.0.0 fetched in 2ms
338 silly resolveWithNewModule is-data-descriptor@1.0.0 checking installable status
339 silly pacote range manifest for define-property@^0.2.5 fetched in 5ms
340 silly resolveWithNewModule define-property@0.2.5 checking installable status
341 silly pacote range manifest for extend-shallow@^2.0.1 fetched in 6ms
342 silly resolveWithNewModule extend-shallow@2.0.1 checking installable status
343 http fetch GET 304 https://registry.npmjs.org/posix-character-classes 36ms (from cache)
344 silly pacote range manifest for posix-character-classes@^0.1.0 fetched in 37ms
345 silly resolveWithNewModule posix-character-classes@0.1.1 checking installable status
346 http fetch GET 304 https://registry.npmjs.org/is-windows 23ms (from cache)
347 silly pacote range manifest for is-windows@^1.0.2 fetched in 24ms
348 silly resolveWithNewModule is-windows@1.0.2 checking installable status
349 http fetch GET 304 https://registry.npmjs.org/remove-trailing-separator 23ms (from cache)
350 silly pacote range manifest for remove-trailing-separator@^1.0.1 fetched in 24ms
351 silly resolveWithNewModule remove-trailing-separator@1.1.0 checking installable status
352 http fetch GET 200 https://registry.npmjs.org/stream-exhaust 21ms
353 http fetch GET 304 https://registry.npmjs.org/once 33ms (from cache)
354 http fetch GET 304 https://registry.npmjs.org/process-nextick-args 34ms (from cache)
355 http fetch GET 304 https://registry.npmjs.org/end-of-stream 34ms (from cache)
356 silly pacote range manifest for once@^1.3.2 fetched in 35ms
357 silly resolveWithNewModule once@1.4.0 checking installable status
358 silly pacote range manifest for process-nextick-args@^2.0.0 fetched in 35ms
359 silly resolveWithNewModule process-nextick-args@2.0.1 checking installable status
360 silly pacote range manifest for end-of-stream@^1.1.0 fetched in 36ms
361 silly resolveWithNewModule end-of-stream@1.4.4 checking installable status
362 http fetch GET 200 https://registry.npmjs.org/stream-exhaust/-/stream-exhaust-1.0.2.tgz 19ms
363 silly pacote range manifest for stream-exhaust@^1.0.1 fetched in 43ms
364 silly resolveWithNewModule stream-exhaust@1.0.2 checking installable status
365 http fetch GET 304 https://registry.npmjs.org/wrappy 25ms (from cache)
366 silly pacote range manifest for wrappy@1 fetched in 26ms
367 silly resolveWithNewModule wrappy@1.0.2 checking installable status
368 http fetch GET 304 https://registry.npmjs.org/async-each 37ms (from cache)
369 http fetch GET 304 https://registry.npmjs.org/inherits 40ms (from cache)
370 silly pacote range manifest for async-each@^1.0.1 fetched in 41ms
371 silly resolveWithNewModule async-each@1.0.3 checking installable status
372 http fetch GET 304 https://registry.npmjs.org/glob-parent 42ms (from cache)
373 http fetch GET 304 https://registry.npmjs.org/path-is-absolute 42ms (from cache)
374 silly pacote range manifest for inherits@^2.0.3 fetched in 45ms
375 silly resolveWithNewModule inherits@2.0.4 checking installable status
376 silly pacote range manifest for glob-parent@^3.1.0 fetched in 46ms
377 silly resolveWithNewModule glob-parent@3.1.0 checking installable status
378 http fetch GET 304 https://registry.npmjs.org/is-glob 45ms (from cache)
379 silly pacote range manifest for path-is-absolute@^1.0.0 fetched in 46ms
380 silly resolveWithNewModule path-is-absolute@1.0.1 checking installable status
381 http fetch GET 304 https://registry.npmjs.org/readdirp 47ms (from cache)
382 silly pacote range manifest for is-glob@^4.0.0 fetched in 71ms
383 silly resolveWithNewModule is-glob@4.0.1 checking installable status
384 http fetch GET 304 https://registry.npmjs.org/fsevents 72ms (from cache)
385 silly pacote range manifest for readdirp@^2.2.1 fetched in 73ms
386 silly resolveWithNewModule readdirp@2.2.1 checking installable status
387 http fetch GET 304 https://registry.npmjs.org/upath 74ms (from cache)
388 silly pacote range manifest for fsevents@^1.2.7 fetched in 75ms
389 warn deprecated fsevents@1.2.13: fsevents 1 will break on node v14+ and could be using insecure binaries. Upgrade to fsevents 2.
390 silly resolveWithNewModule fsevents@1.2.13 checking installable status
391 silly pacote range manifest for upath@^1.1.1 fetched in 77ms
392 silly resolveWithNewModule upath@1.2.0 checking installable status
393 http fetch GET 304 https://registry.npmjs.org/is-binary-path 80ms (from cache)
394 silly pacote range manifest for is-binary-path@^1.0.0 fetched in 82ms
395 silly resolveWithNewModule is-binary-path@1.0.1 checking installable status
396 silly pacote range manifest for is-glob@^3.1.0 fetched in 2ms
397 silly resolveWithNewModule is-glob@3.1.0 checking installable status
398 http fetch GET 304 https://registry.npmjs.org/path-dirname 31ms (from cache)
399 silly pacote range manifest for path-dirname@^1.0.0 fetched in 33ms
400 silly resolveWithNewModule path-dirname@1.0.2 checking installable status
401 http fetch GET 304 https://registry.npmjs.org/is-extglob 24ms (from cache)
402 silly pacote range manifest for is-extglob@^2.1.0 fetched in 25ms
403 silly resolveWithNewModule is-extglob@2.1.1 checking installable status
404 http fetch GET 304 https://registry.npmjs.org/binary-extensions 28ms (from cache)
405 silly pacote range manifest for binary-extensions@^1.0.0 fetched in 29ms
406 silly resolveWithNewModule binary-extensions@1.13.1 checking installable status
407 http fetch GET 304 https://registry.npmjs.org/readable-stream 26ms (from cache)
408 silly pacote range manifest for readable-stream@^2.0.2 fetched in 30ms
409 silly resolveWithNewModule readable-stream@2.3.7 checking installable status
410 http fetch GET 304 https://registry.npmjs.org/graceful-fs 43ms (from cache)
411 silly pacote range manifest for graceful-fs@^4.1.11 fetched in 44ms
412 silly resolveWithNewModule graceful-fs@4.2.4 checking installable status
413 http fetch GET 304 https://registry.npmjs.org/string_decoder 31ms (from cache)
414 silly pacote range manifest for string_decoder@~1.1.1 fetched in 34ms
415 silly resolveWithNewModule string_decoder@1.1.1 checking installable status
416 http fetch GET 304 https://registry.npmjs.org/core-util-is 37ms (from cache)
417 silly pacote range manifest for core-util-is@~1.0.0 fetched in 38ms
418 silly resolveWithNewModule core-util-is@1.0.2 checking installable status
419 http fetch GET 304 https://registry.npmjs.org/safe-buffer 40ms (from cache)
420 silly pacote range manifest for safe-buffer@~5.1.1 fetched in 42ms
421 silly resolveWithNewModule safe-buffer@5.1.2 checking installable status
422 http fetch GET 304 https://registry.npmjs.org/util-deprecate 43ms (from cache)
423 silly pacote range manifest for util-deprecate@~1.0.1 fetched in 46ms
424 silly resolveWithNewModule util-deprecate@1.0.2 checking installable status
425 http fetch GET 200 https://registry.npmjs.org/array-each 27ms
426 http fetch GET 200 https://registry.npmjs.org/for-own 28ms
427 http fetch GET 200 https://registry.npmjs.org/array-slice 30ms
428 http fetch GET 200 https://registry.npmjs.org/array-each/-/array-each-1.0.1.tgz 31ms
429 http fetch GET 200 https://registry.npmjs.org/array-slice/-/array-slice-1.1.0.tgz 26ms
430 http fetch GET 200 https://registry.npmjs.org/for-own/-/for-own-1.0.0.tgz 30ms
431 silly pacote range manifest for array-each@^1.0.1 fetched in 62ms
432 silly resolveWithNewModule array-each@1.0.1 checking installable status
433 silly pacote range manifest for array-slice@^1.0.0 fetched in 61ms
434 silly resolveWithNewModule array-slice@1.1.0 checking installable status
435 silly pacote range manifest for for-own@^1.0.0 fetched in 62ms
436 silly resolveWithNewModule for-own@1.0.0 checking installable status
437 http fetch GET 200 https://registry.npmjs.org/copy-props 31ms
438 http fetch GET 200 https://registry.npmjs.org/fancy-log 37ms
439 http fetch GET 200 https://registry.npmjs.org/gulplog 38ms
440 http fetch GET 200 https://registry.npmjs.org/archy 41ms
441 http fetch GET 200 https://registry.npmjs.org/color-support 42ms
442 http fetch GET 200 https://registry.npmjs.org/array-sort 50ms
443 http fetch GET 304 https://registry.npmjs.org/ansi-colors 52ms (from cache)
444 http fetch GET 200 https://registry.npmjs.org/liftoff 52ms
445 http fetch GET 304 https://registry.npmjs.org/interpret 82ms (from cache)
446 silly pacote range manifest for interpret@^1.4.0 fetched in 86ms
447 silly resolveWithNewModule interpret@1.4.0 checking installable status
448 http fetch GET 200 https://registry.npmjs.org/copy-props/-/copy-props-2.0.4.tgz 53ms
449 http fetch GET 304 https://registry.npmjs.org/concat-stream 90ms (from cache)
450 http fetch GET 200 https://registry.npmjs.org/fancy-log/-/fancy-log-1.3.3.tgz 52ms
451 http fetch GET 200 https://registry.npmjs.org/color-support/-/color-support-1.1.3.tgz 50ms
452 http fetch GET 200 https://registry.npmjs.org/gulplog/-/gulplog-1.0.0.tgz 55ms
453 http fetch GET 200 https://registry.npmjs.org/array-sort/-/array-sort-1.0.0.tgz 46ms
454 http fetch GET 200 https://registry.npmjs.org/archy/-/archy-1.0.0.tgz 55ms
455 silly pacote range manifest for concat-stream@^1.6.0 fetched in 99ms
456 silly resolveWithNewModule concat-stream@1.6.2 checking installable status
457 http fetch GET 200 https://registry.npmjs.org/ansi-colors/-/ansi-colors-1.1.0.tgz 44ms
458 http fetch GET 200 https://registry.npmjs.org/liftoff/-/liftoff-3.1.0.tgz 45ms
459 silly pacote range manifest for copy-props@^2.0.1 fetched in 104ms
460 silly resolveWithNewModule copy-props@2.0.4 checking installable status
461 silly pacote range manifest for fancy-log@^1.3.2 fetched in 106ms
462 silly resolveWithNewModule fancy-log@1.3.3 checking installable status
463 silly pacote range manifest for color-support@^1.1.3 fetched in 108ms
464 silly resolveWithNewModule color-support@1.1.3 checking installable status
465 silly pacote range manifest for gulplog@^1.0.0 fetched in 108ms
466 silly resolveWithNewModule gulplog@1.0.0 checking installable status
467 silly pacote range manifest for array-sort@^1.0.0 fetched in 112ms
468 silly resolveWithNewModule array-sort@1.0.0 checking installable status
469 silly pacote range manifest for archy@^1.0.0 fetched in 115ms
470 silly resolveWithNewModule archy@1.0.0 checking installable status
471 silly pacote range manifest for ansi-colors@^1.0.1 fetched in 116ms
472 silly resolveWithNewModule ansi-colors@1.1.0 checking installable status
473 silly pacote range manifest for liftoff@^3.1.0 fetched in 115ms
474 silly resolveWithNewModule liftoff@3.1.0 checking installable status
475 http fetch GET 200 https://registry.npmjs.org/matchdep 31ms
476 http fetch GET 200 https://registry.npmjs.org/mute-stdout 22ms
477 http fetch GET 200 https://registry.npmjs.org/replace-homedir 20ms
478 http fetch GET 200 https://registry.npmjs.org/pretty-hrtime 23ms
479 http fetch GET 200 https://registry.npmjs.org/semver-greatest-satisfied-range 23ms
480 http fetch GET 200 https://registry.npmjs.org/v8flags 31ms
481 http fetch GET 304 https://registry.npmjs.org/yargs 33ms (from cache)
482 http fetch GET 200 https://registry.npmjs.org/matchdep/-/matchdep-2.0.0.tgz 54ms
483 http fetch GET 200 https://registry.npmjs.org/replace-homedir/-/replace-homedir-1.0.0.tgz 49ms
484 http fetch GET 200 https://registry.npmjs.org/pretty-hrtime/-/pretty-hrtime-1.0.3.tgz 48ms
485 http fetch GET 200 https://registry.npmjs.org/semver-greatest-satisfied-range/-/semver-greatest-satisfied-range-1.1.0.tgz 46ms
486 silly pacote range manifest for matchdep@^2.0.0 fetched in 97ms
487 silly resolveWithNewModule matchdep@2.0.0 checking installable status
488 http fetch GET 200 https://registry.npmjs.org/mute-stdout/-/mute-stdout-1.0.1.tgz 64ms
489 http fetch GET 200 https://registry.npmjs.org/v8flags/-/v8flags-3.2.0.tgz 45ms
490 silly pacote range manifest for replace-homedir@^1.0.0 fetched in 81ms
491 silly resolveWithNewModule replace-homedir@1.0.0 checking installable status
492 silly pacote range manifest for pretty-hrtime@^1.0.0 fetched in 84ms
493 silly resolveWithNewModule pretty-hrtime@1.0.3 checking installable status
494 silly pacote range manifest for semver-greatest-satisfied-range@^1.1.0 fetched in 86ms
495 silly resolveWithNewModule semver-greatest-satisfied-range@1.1.0 checking installable status
496 silly pacote range manifest for mute-stdout@^1.0.0 fetched in 100ms
497 silly resolveWithNewModule mute-stdout@1.0.1 checking installable status
498 silly pacote range manifest for v8flags@^3.2.0 fetched in 90ms
499 silly resolveWithNewModule v8flags@3.2.0 checking installable status
500 http fetch GET 200 https://registry.npmjs.org/yargs/-/yargs-7.1.1.tgz 34ms
501 silly pacote range manifest for yargs@^7.1.0 fetched in 91ms
502 silly resolveWithNewModule yargs@7.1.1 checking installable status
503 http fetch GET 200 https://registry.npmjs.org/ansi-wrap 22ms
504 http fetch GET 200 https://registry.npmjs.org/ansi-wrap/-/ansi-wrap-0.1.0.tgz 20ms
505 silly pacote range manifest for ansi-wrap@^0.1.0 fetched in 45ms
506 silly resolveWithNewModule ansi-wrap@0.1.0 checking installable status
507 silly pacote range manifest for kind-of@^5.0.2 fetched in 1ms
508 silly resolveWithNewModule kind-of@5.1.0 checking installable status
509 http fetch GET 200 https://registry.npmjs.org/default-compare 52ms
510 http fetch GET 200 https://registry.npmjs.org/default-compare/-/default-compare-1.0.0.tgz 19ms
511 silly pacote range manifest for default-compare@^1.0.0 fetched in 74ms
512 silly resolveWithNewModule default-compare@1.0.0 checking installable status
513 silly pacote range manifest for kind-of@^5.0.2 fetched in 1ms
514 silly resolveWithNewModule kind-of@5.1.0 checking installable status
515 http fetch GET 304 https://registry.npmjs.org/buffer-from 27ms (from cache)
516 silly pacote range manifest for buffer-from@^1.0.0 fetched in 28ms
517 silly resolveWithNewModule buffer-from@1.1.1 checking installable status
518 http fetch GET 304 https://registry.npmjs.org/typedarray 29ms (from cache)
519 silly pacote range manifest for typedarray@^0.0.6 fetched in 30ms
520 silly resolveWithNewModule typedarray@0.0.6 checking installable status
521 http fetch GET 200 https://registry.npmjs.org/each-props 27ms
522 http fetch GET 200 https://registry.npmjs.org/each-props/-/each-props-1.3.2.tgz 30ms
523 silly pacote range manifest for each-props@^1.3.0 fetched in 60ms
524 silly resolveWithNewModule each-props@1.3.2 checking installable status
525 http fetch GET 200 https://registry.npmjs.org/ansi-gray 22ms
526 http fetch GET 200 https://registry.npmjs.org/parse-node-version 23ms
527 http fetch GET 200 https://registry.npmjs.org/time-stamp 38ms
528 http fetch GET 200 https://registry.npmjs.org/ansi-gray/-/ansi-gray-0.1.1.tgz 22ms
529 http fetch GET 200 https://registry.npmjs.org/parse-node-version/-/parse-node-version-1.0.1.tgz 20ms
530 silly pacote range manifest for ansi-gray@^0.1.1 fetched in 47ms
531 silly resolveWithNewModule ansi-gray@0.1.1 checking installable status
532 silly pacote range manifest for parse-node-version@^1.0.0 fetched in 46ms
533 silly resolveWithNewModule parse-node-version@1.0.1 checking installable status
534 http fetch GET 200 https://registry.npmjs.org/time-stamp/-/time-stamp-1.1.0.tgz 21ms
535 silly pacote range manifest for time-stamp@^1.0.0 fetched in 62ms
536 silly resolveWithNewModule time-stamp@1.1.0 checking installable status
537 http fetch GET 200 https://registry.npmjs.org/glogg 20ms
538 http fetch GET 200 https://registry.npmjs.org/glogg/-/glogg-1.0.2.tgz 24ms
539 silly pacote range manifest for glogg@^1.0.0 fetched in 45ms
540 silly resolveWithNewModule glogg@1.0.2 checking installable status
541 http fetch GET 200 https://registry.npmjs.org/sparkles 26ms
542 http fetch GET 200 https://registry.npmjs.org/sparkles/-/sparkles-1.0.1.tgz 24ms
543 silly pacote range manifest for sparkles@^1.0.0 fetched in 53ms
544 silly resolveWithNewModule sparkles@1.0.1 checking installable status
545 http fetch GET 200 https://registry.npmjs.org/extend 22ms
546 http fetch GET 200 https://registry.npmjs.org/object.map 29ms
547 http fetch GET 200 https://registry.npmjs.org/rechoir 32ms
548 http fetch GET 200 https://registry.npmjs.org/fined 34ms
549 http fetch GET 200 https://registry.npmjs.org/flagged-respawn 36ms
550 http fetch GET 304 https://registry.npmjs.org/findup-sync 49ms (from cache)
551 http fetch GET 304 https://registry.npmjs.org/resolve 49ms (from cache)
552 http fetch GET 200 https://registry.npmjs.org/extend/-/extend-3.0.2.tgz 26ms
553 silly pacote range manifest for findup-sync@^3.0.0 fetched in 52ms
554 silly resolveWithNewModule findup-sync@3.0.0 checking installable status
555 silly pacote range manifest for resolve@^1.1.7 fetched in 52ms
556 silly resolveWithNewModule resolve@1.17.0 checking installable status
557 silly pacote range manifest for extend@^3.0.0 fetched in 56ms
558 silly resolveWithNewModule extend@3.0.2 checking installable status
559 http fetch GET 200 https://registry.npmjs.org/object.map/-/object.map-1.0.1.tgz 25ms
560 silly pacote range manifest for object.map@^1.0.0 fetched in 59ms
561 silly resolveWithNewModule object.map@1.0.1 checking installable status
562 http fetch GET 200 https://registry.npmjs.org/fined/-/fined-1.2.0.tgz 35ms
563 http fetch GET 200 https://registry.npmjs.org/flagged-respawn/-/flagged-respawn-1.0.1.tgz 34ms
564 http fetch GET 200 https://registry.npmjs.org/rechoir/-/rechoir-0.6.2.tgz 41ms
565 silly pacote range manifest for flagged-respawn@^1.0.0 fetched in 78ms
566 silly resolveWithNewModule flagged-respawn@1.0.1 checking installable status
567 silly pacote range manifest for rechoir@^0.6.2 fetched in 78ms
568 silly resolveWithNewModule rechoir@0.6.2 checking installable status
569 silly pacote range manifest for fined@^1.0.1 fetched in 80ms
570 silly resolveWithNewModule fined@1.2.0 checking installable status
571 http fetch GET 304 https://registry.npmjs.org/resolve-dir 26ms (from cache)
572 http fetch GET 304 https://registry.npmjs.org/detect-file 27ms (from cache)
573 silly pacote range manifest for resolve-dir@^1.0.1 fetched in 27ms
574 silly resolveWithNewModule resolve-dir@1.0.1 checking installable status
575 silly pacote range manifest for detect-file@^1.0.0 fetched in 34ms
576 silly resolveWithNewModule detect-file@1.0.0 checking installable status
577 http fetch GET 304 https://registry.npmjs.org/expand-tilde 28ms (from cache)
578 http fetch GET 304 https://registry.npmjs.org/global-modules 28ms (from cache)
579 silly pacote range manifest for expand-tilde@^2.0.0 fetched in 30ms
580 silly resolveWithNewModule expand-tilde@2.0.2 checking installable status
581 silly pacote range manifest for global-modules@^1.0.0 fetched in 32ms
582 silly resolveWithNewModule global-modules@1.0.0 checking installable status
583 http fetch GET 304 https://registry.npmjs.org/homedir-polyfill 33ms (from cache)
584 silly pacote range manifest for homedir-polyfill@^1.0.1 fetched in 34ms
585 silly resolveWithNewModule homedir-polyfill@1.0.3 checking installable status
586 http fetch GET 304 https://registry.npmjs.org/parse-passwd 26ms (from cache)
587 silly pacote range manifest for parse-passwd@^1.0.0 fetched in 27ms
588 silly resolveWithNewModule parse-passwd@1.0.0 checking installable status
589 http fetch GET 304 https://registry.npmjs.org/global-prefix 33ms (from cache)
590 silly pacote range manifest for global-prefix@^1.0.1 fetched in 34ms
591 silly resolveWithNewModule global-prefix@1.0.2 checking installable status
592 http fetch GET 304 https://registry.npmjs.org/ini 31ms (from cache)
593 http fetch GET 304 https://registry.npmjs.org/which 30ms (from cache)
594 silly pacote range manifest for ini@^1.3.4 fetched in 33ms
595 silly resolveWithNewModule ini@1.3.5 checking installable status
596 silly pacote range manifest for which@^1.2.14 fetched in 33ms
597 silly resolveWithNewModule which@1.3.1 checking installable status
598 http fetch GET 304 https://registry.npmjs.org/isexe 23ms (from cache)
599 silly pacote range manifest for isexe@^2.0.0 fetched in 26ms
600 silly resolveWithNewModule isexe@2.0.0 checking installable status
601 http fetch GET 200 https://registry.npmjs.org/parse-filepath 23ms
602 http fetch GET 200 https://registry.npmjs.org/parse-filepath/-/parse-filepath-1.0.2.tgz 38ms
603 silly pacote range manifest for parse-filepath@^1.0.1 fetched in 64ms
604 silly resolveWithNewModule parse-filepath@1.0.2 checking installable status
605 http fetch GET 200 https://registry.npmjs.org/is-absolute 23ms
606 http fetch GET 200 https://registry.npmjs.org/is-absolute/-/is-absolute-1.0.0.tgz 21ms
607 http fetch GET 200 https://registry.npmjs.org/path-root 46ms
608 silly pacote range manifest for is-absolute@^1.0.0 fetched in 50ms
609 silly resolveWithNewModule is-absolute@1.0.0 checking installable status
610 http fetch GET 200 https://registry.npmjs.org/path-root/-/path-root-0.1.1.tgz 21ms
611 silly pacote range manifest for path-root@^0.1.1 fetched in 70ms
612 silly resolveWithNewModule path-root@0.1.1 checking installable status
613 http fetch GET 200 https://registry.npmjs.org/is-relative 35ms
614 http fetch GET 200 https://registry.npmjs.org/is-relative/-/is-relative-1.0.0.tgz 22ms
615 silly pacote range manifest for is-relative@^1.0.0 fetched in 59ms
616 silly resolveWithNewModule is-relative@1.0.0 checking installable status
617 http fetch GET 200 https://registry.npmjs.org/is-unc-path 25ms
618 http fetch GET 200 https://registry.npmjs.org/is-unc-path/-/is-unc-path-1.0.0.tgz 38ms
619 silly pacote range manifest for is-unc-path@^1.0.0 fetched in 66ms
620 silly resolveWithNewModule is-unc-path@1.0.0 checking installable status
621 http fetch GET 200 https://registry.npmjs.org/unc-path-regex 21ms
622 http fetch GET 200 https://registry.npmjs.org/unc-path-regex/-/unc-path-regex-0.1.2.tgz 28ms
623 silly pacote range manifest for unc-path-regex@^0.1.2 fetched in 51ms
624 silly resolveWithNewModule unc-path-regex@0.1.2 checking installable status
625 http fetch GET 200 https://registry.npmjs.org/path-root-regex 18ms
626 http fetch GET 200 https://registry.npmjs.org/path-root-regex/-/path-root-regex-0.1.2.tgz 18ms
627 silly pacote range manifest for path-root-regex@^0.1.0 fetched in 40ms
628 silly resolveWithNewModule path-root-regex@0.1.2 checking installable status
629 http fetch GET 200 https://registry.npmjs.org/make-iterator 23ms
630 http fetch GET 200 https://registry.npmjs.org/make-iterator/-/make-iterator-1.0.1.tgz 24ms
631 silly pacote range manifest for make-iterator@^1.0.0 fetched in 50ms
632 silly resolveWithNewModule make-iterator@1.0.1 checking installable status
633 http fetch GET 304 https://registry.npmjs.org/path-parse 26ms (from cache)
634 silly pacote range manifest for path-parse@^1.0.6 fetched in 27ms
635 silly resolveWithNewModule path-parse@1.0.6 checking installable status
636 http fetch GET 200 https://registry.npmjs.org/stack-trace 25ms
637 http fetch GET 200 https://registry.npmjs.org/findup-sync/-/findup-sync-2.0.0.tgz 26ms
638 silly pacote range manifest for findup-sync@^2.0.0 fetched in 31ms
639 silly resolveWithNewModule findup-sync@2.0.0 checking installable status
640 http fetch GET 200 https://registry.npmjs.org/stack-trace/-/stack-trace-0.0.10.tgz 21ms
641 silly pacote version manifest for stack-trace@0.0.10 fetched in 51ms
642 silly resolveWithNewModule stack-trace@0.0.10 checking installable status
643 silly pacote range manifest for is-glob@^3.1.0 fetched in 0ms
644 silly resolveWithNewModule is-glob@3.1.0 checking installable status
645 http fetch GET 200 https://registry.npmjs.org/sver-compat 17ms
646 http fetch GET 200 https://registry.npmjs.org/sver-compat/-/sver-compat-1.5.0.tgz 40ms
647 silly pacote range manifest for sver-compat@^1.5.0 fetched in 61ms
648 silly resolveWithNewModule sver-compat@1.5.0 checking installable status
649 http fetch GET 200 https://registry.npmjs.org/es6-symbol 27ms
650 http fetch GET 200 https://registry.npmjs.org/es6-iterator 28ms
651 http fetch GET 200 https://registry.npmjs.org/es6-symbol/-/es6-symbol-3.1.3.tgz 29ms
652 http fetch GET 200 https://registry.npmjs.org/es6-iterator/-/es6-iterator-2.0.3.tgz 28ms
653 silly pacote range manifest for es6-symbol@^3.1.1 fetched in 61ms
654 silly resolveWithNewModule es6-symbol@3.1.3 checking installable status
655 silly pacote range manifest for es6-iterator@^2.0.1 fetched in 61ms
656 silly resolveWithNewModule es6-iterator@2.0.3 checking installable status
657 http fetch GET 200 https://registry.npmjs.org/d 21ms
658 http fetch GET 200 https://registry.npmjs.org/es5-ext 27ms
659 http fetch GET 200 https://registry.npmjs.org/d/-/d-1.0.1.tgz 25ms
660 silly pacote range manifest for d@1 fetched in 50ms
661 silly resolveWithNewModule d@1.0.1 checking installable status
662 http fetch GET 200 https://registry.npmjs.org/es5-ext/-/es5-ext-0.10.53.tgz 80ms
663 silly pacote range manifest for es5-ext@^0.10.35 fetched in 110ms
664 silly resolveWithNewModule es5-ext@0.10.53 checking installable status
665 http fetch GET 200 https://registry.npmjs.org/type 29ms
666 http fetch GET 200 https://registry.npmjs.org/type/-/type-1.2.0.tgz 35ms
667 silly pacote range manifest for type@^1.0.1 fetched in 72ms
668 silly resolveWithNewModule type@1.2.0 checking installable status
669 http fetch GET 200 https://registry.npmjs.org/next-tick 33ms
670 http fetch GET 200 https://registry.npmjs.org/next-tick/-/next-tick-1.0.0.tgz 26ms
671 silly pacote range manifest for next-tick@~1.0.0 fetched in 62ms
672 silly resolveWithNewModule next-tick@1.0.0 checking installable status
673 http fetch GET 200 https://registry.npmjs.org/ext 28ms
674 http fetch GET 200 https://registry.npmjs.org/ext/-/ext-1.4.0.tgz 22ms
675 silly pacote range manifest for ext@^1.1.2 fetched in 60ms
676 silly resolveWithNewModule ext@1.4.0 checking installable status
677 http fetch GET 200 https://registry.npmjs.org/type/-/type-2.0.0.tgz 24ms
678 silly pacote range manifest for type@^2.0.0 fetched in 27ms
679 silly resolveWithNewModule type@2.0.0 checking installable status
680 http fetch GET 200 https://registry.npmjs.org/read-pkg-up 45ms
681 http fetch GET 304 https://registry.npmjs.org/camelcase 60ms (from cache)
682 http fetch GET 304 https://registry.npmjs.org/get-caller-file 62ms (from cache)
683 http fetch GET 304 https://registry.npmjs.org/require-directory 65ms (from cache)
684 http fetch GET 304 https://registry.npmjs.org/decamelize 67ms (from cache)
685 silly pacote range manifest for get-caller-file@^1.0.1 fetched in 67ms
686 silly resolveWithNewModule get-caller-file@1.0.3 checking installable status
687 http fetch GET 304 https://registry.npmjs.org/cliui 70ms (from cache)
688 silly pacote range manifest for require-directory@^2.1.1 fetched in 70ms
689 silly resolveWithNewModule require-directory@2.1.1 checking installable status
690 silly pacote range manifest for decamelize@^1.1.1 fetched in 72ms
691 silly resolveWithNewModule decamelize@1.2.0 checking installable status
692 http fetch GET 304 https://registry.npmjs.org/os-locale 74ms (from cache)
693 http fetch GET 304 https://registry.npmjs.org/require-main-filename 76ms (from cache)
694 http fetch GET 304 https://registry.npmjs.org/set-blocking 76ms (from cache)
695 http fetch GET 304 https://registry.npmjs.org/string-width 77ms (from cache)
696 silly pacote range manifest for set-blocking@^2.0.0 fetched in 95ms
697 silly resolveWithNewModule set-blocking@2.0.0 checking installable status
698 silly pacote range manifest for require-main-filename@^1.0.1 fetched in 96ms
699 silly resolveWithNewModule require-main-filename@1.0.1 checking installable status
700 silly pacote range manifest for string-width@^1.0.2 fetched in 97ms
701 silly resolveWithNewModule string-width@1.0.2 checking installable status
702 http fetch GET 200 https://registry.npmjs.org/camelcase/-/camelcase-3.0.0.tgz 39ms
703 http fetch GET 200 https://registry.npmjs.org/read-pkg-up/-/read-pkg-up-1.0.1.tgz 51ms
704 silly pacote range manifest for camelcase@^3.0.0 fetched in 103ms
705 silly resolveWithNewModule camelcase@3.0.0 checking installable status
706 silly pacote range manifest for read-pkg-up@^1.0.1 fetched in 102ms
707 silly resolveWithNewModule read-pkg-up@1.0.1 checking installable status
708 http fetch GET 304 https://registry.npmjs.org/y18n 44ms (from cache)
709 http fetch GET 200 https://registry.npmjs.org/cliui/-/cliui-3.2.0.tgz 47ms
710 http fetch GET 200 https://registry.npmjs.org/yargs-parser 49ms
711 http fetch GET 200 https://registry.npmjs.org/os-locale/-/os-locale-1.4.0.tgz 36ms
712 silly pacote range manifest for cliui@^3.2.0 fetched in 127ms
713 silly resolveWithNewModule cliui@3.2.0 checking installable status
714 silly pacote range manifest for os-locale@^1.4.0 fetched in 127ms
715 silly resolveWithNewModule os-locale@1.4.0 checking installable status
716 http fetch GET 304 https://registry.npmjs.org/which-module 60ms (from cache)
717 http fetch GET 200 https://registry.npmjs.org/y18n/-/y18n-3.2.1.tgz 29ms
718 http fetch GET 200 https://registry.npmjs.org/yargs-parser/-/yargs-parser-5.0.0-security.0.tgz 26ms
719 silly pacote range manifest for y18n@^3.2.1 fetched in 79ms
720 silly resolveWithNewModule y18n@3.2.1 checking installable status
721 silly pacote version manifest for yargs-parser@5.0.0-security.0 fetched in 84ms
722 silly resolveWithNewModule yargs-parser@5.0.0-security.0 checking installable status
723 http fetch GET 200 https://registry.npmjs.org/which-module/-/which-module-1.0.0.tgz 34ms
724 silly pacote range manifest for which-module@^1.0.0 fetched in 98ms
725 silly resolveWithNewModule which-module@1.0.0 checking installable status
726 http fetch GET 304 https://registry.npmjs.org/wrap-ansi 25ms (from cache)
727 http fetch GET 304 https://registry.npmjs.org/strip-ansi 27ms (from cache)
728 silly pacote range manifest for wrap-ansi@^2.0.0 fetched in 28ms
729 silly resolveWithNewModule wrap-ansi@2.1.0 checking installable status
730 silly pacote range manifest for strip-ansi@^3.0.1 fetched in 29ms
731 silly resolveWithNewModule strip-ansi@3.0.1 checking installable status
732 http fetch GET 304 https://registry.npmjs.org/is-fullwidth-code-point 26ms (from cache)
733 silly pacote range manifest for is-fullwidth-code-point@^1.0.0 fetched in 28ms
734 silly resolveWithNewModule is-fullwidth-code-point@1.0.0 checking installable status
735 http fetch GET 304 https://registry.npmjs.org/code-point-at 33ms (from cache)
736 silly pacote range manifest for code-point-at@^1.0.0 fetched in 34ms
737 silly resolveWithNewModule code-point-at@1.1.0 checking installable status
738 http fetch GET 304 https://registry.npmjs.org/number-is-nan 24ms (from cache)
739 silly pacote range manifest for number-is-nan@^1.0.0 fetched in 25ms
740 silly resolveWithNewModule number-is-nan@1.0.1 checking installable status
741 http fetch GET 304 https://registry.npmjs.org/ansi-regex 25ms (from cache)
742 silly pacote range manifest for ansi-regex@^2.0.0 fetched in 27ms
743 silly resolveWithNewModule ansi-regex@2.1.1 checking installable status
744 http fetch GET 304 https://registry.npmjs.org/lcid 25ms (from cache)
745 http fetch GET 200 https://registry.npmjs.org/lcid/-/lcid-1.0.0.tgz 36ms
746 silly pacote range manifest for lcid@^1.0.0 fetched in 63ms
747 silly resolveWithNewModule lcid@1.0.0 checking installable status
748 http fetch GET 304 https://registry.npmjs.org/invert-kv 52ms (from cache)
749 http fetch GET 200 https://registry.npmjs.org/invert-kv/-/invert-kv-1.0.0.tgz 30ms
750 silly pacote range manifest for invert-kv@^1.0.0 fetched in 87ms
751 silly resolveWithNewModule invert-kv@1.0.0 checking installable status
752 http fetch GET 200 https://registry.npmjs.org/read-pkg 27ms
753 http fetch GET 304 https://registry.npmjs.org/find-up 33ms (from cache)
754 http fetch GET 200 https://registry.npmjs.org/read-pkg/-/read-pkg-1.1.0.tgz 27ms
755 http fetch GET 200 https://registry.npmjs.org/find-up/-/find-up-1.1.2.tgz 24ms
756 silly pacote range manifest for read-pkg@^1.0.0 fetched in 61ms
757 silly resolveWithNewModule read-pkg@1.1.0 checking installable status
758 silly pacote range manifest for find-up@^1.0.0 fetched in 62ms
759 silly resolveWithNewModule find-up@1.1.2 checking installable status
760 http fetch GET 304 https://registry.npmjs.org/pinkie-promise 26ms (from cache)
761 silly pacote range manifest for pinkie-promise@^2.0.0 fetched in 35ms
762 silly resolveWithNewModule pinkie-promise@2.0.1 checking installable status
763 http fetch GET 304 https://registry.npmjs.org/path-exists 37ms (from cache)
764 http fetch GET 200 https://registry.npmjs.org/path-exists/-/path-exists-2.1.0.tgz 20ms
765 silly pacote range manifest for path-exists@^2.0.0 fetched in 59ms
766 silly resolveWithNewModule path-exists@2.1.0 checking installable status
767 http fetch GET 304 https://registry.npmjs.org/pinkie 22ms (from cache)
768 silly pacote range manifest for pinkie@^2.0.0 fetched in 23ms
769 silly resolveWithNewModule pinkie@2.0.4 checking installable status
770 http fetch GET 200 https://registry.npmjs.org/load-json-file 26ms
771 http fetch GET 200 https://registry.npmjs.org/normalize-package-data 27ms
772 http fetch GET 304 https://registry.npmjs.org/path-type 31ms (from cache)
773 http fetch GET 200 https://registry.npmjs.org/load-json-file/-/load-json-file-1.1.0.tgz 20ms
774 silly pacote range manifest for load-json-file@^1.0.0 fetched in 49ms
775 silly resolveWithNewModule load-json-file@1.1.0 checking installable status
776 http fetch GET 200 https://registry.npmjs.org/normalize-package-data/-/normalize-package-data-2.5.0.tgz 28ms
777 http fetch GET 200 https://registry.npmjs.org/path-type/-/path-type-1.1.0.tgz 26ms
778 silly pacote range manifest for normalize-package-data@^2.3.2 fetched in 59ms
779 silly resolveWithNewModule normalize-package-data@2.5.0 checking installable status
780 silly pacote range manifest for path-type@^1.0.0 fetched in 59ms
781 silly resolveWithNewModule path-type@1.1.0 checking installable status
782 http fetch GET 304 https://registry.npmjs.org/parse-json 23ms (from cache)
783 http fetch GET 200 https://registry.npmjs.org/strip-bom 37ms
784 http fetch GET 304 https://registry.npmjs.org/pify 40ms (from cache)
785 silly pacote range manifest for pify@^2.0.0 fetched in 42ms
786 silly resolveWithNewModule pify@2.3.0 checking installable status
787 http fetch GET 200 https://registry.npmjs.org/parse-json/-/parse-json-2.2.0.tgz 22ms
788 silly pacote range manifest for parse-json@^2.2.0 fetched in 47ms
789 silly resolveWithNewModule parse-json@2.2.0 checking installable status
790 http fetch GET 200 https://registry.npmjs.org/strip-bom/-/strip-bom-2.0.0.tgz 21ms
791 silly pacote range manifest for strip-bom@^2.0.0 fetched in 60ms
792 silly resolveWithNewModule strip-bom@2.0.0 checking installable status
793 http fetch GET 304 https://registry.npmjs.org/error-ex 32ms (from cache)
794 silly pacote range manifest for error-ex@^1.2.0 fetched in 33ms
795 silly resolveWithNewModule error-ex@1.3.2 checking installable status
796 http fetch GET 304 https://registry.npmjs.org/is-arrayish 36ms (from cache)
797 silly pacote range manifest for is-arrayish@^0.2.1 fetched in 38ms
798 silly resolveWithNewModule is-arrayish@0.2.1 checking installable status
799 http fetch GET 200 https://registry.npmjs.org/is-utf8 17ms
800 http fetch GET 200 https://registry.npmjs.org/is-utf8/-/is-utf8-0.2.1.tgz 31ms
801 silly pacote range manifest for is-utf8@^0.2.0 fetched in 49ms
802 silly resolveWithNewModule is-utf8@0.2.1 checking installable status
803 http fetch GET 200 https://registry.npmjs.org/validate-npm-package-license 26ms
804 http fetch GET 200 https://registry.npmjs.org/hosted-git-info 29ms
805 http fetch GET 304 https://registry.npmjs.org/semver 33ms (from cache)
806 silly pacote range manifest for semver@2 || 3 || 4 || 5 fetched in 42ms
807 silly resolveWithNewModule semver@5.7.1 checking installable status
808 http fetch GET 200 https://registry.npmjs.org/validate-npm-package-license/-/validate-npm-package-license-3.0.4.tgz 22ms
809 silly pacote range manifest for validate-npm-package-license@^3.0.1 fetched in 50ms
810 silly resolveWithNewModule validate-npm-package-license@3.0.4 checking installable status
811 http fetch GET 200 https://registry.npmjs.org/hosted-git-info/-/hosted-git-info-2.8.8.tgz 42ms
812 silly pacote range manifest for hosted-git-info@^2.1.4 fetched in 76ms
813 silly resolveWithNewModule hosted-git-info@2.8.8 checking installable status
814 http fetch GET 200 https://registry.npmjs.org/spdx-expression-parse 19ms
815 http fetch GET 200 https://registry.npmjs.org/spdx-correct 25ms
816 http fetch GET 200 https://registry.npmjs.org/spdx-expression-parse/-/spdx-expression-parse-3.0.1.tgz 24ms
817 http fetch GET 200 https://registry.npmjs.org/spdx-correct/-/spdx-correct-3.1.1.tgz 20ms
818 silly pacote range manifest for spdx-expression-parse@^3.0.0 fetched in 47ms
819 silly resolveWithNewModule spdx-expression-parse@3.0.1 checking installable status
820 silly pacote range manifest for spdx-correct@^3.0.0 fetched in 48ms
821 silly resolveWithNewModule spdx-correct@3.1.1 checking installable status
822 http fetch GET 200 https://registry.npmjs.org/spdx-license-ids 25ms
823 http fetch GET 200 https://registry.npmjs.org/spdx-license-ids/-/spdx-license-ids-3.0.5.tgz 17ms
824 silly pacote range manifest for spdx-license-ids@^3.0.0 fetched in 45ms
825 silly resolveWithNewModule spdx-license-ids@3.0.5 checking installable status
826 http fetch GET 200 https://registry.npmjs.org/spdx-exceptions 20ms
827 http fetch GET 200 https://registry.npmjs.org/spdx-exceptions/-/spdx-exceptions-2.3.0.tgz 23ms
828 silly pacote range manifest for spdx-exceptions@^2.1.0 fetched in 45ms
829 silly resolveWithNewModule spdx-exceptions@2.3.0 checking installable status
830 http fetch GET 304 https://registry.npmjs.org/object.assign 21ms (from cache)
831 silly pacote range manifest for object.assign@^4.1.0 fetched in 22ms
832 silly resolveWithNewModule object.assign@4.1.0 checking installable status
833 http fetch GET 304 https://registry.npmjs.org/define-properties 26ms (from cache)
834 silly pacote range manifest for define-properties@^1.1.2 fetched in 29ms
835 silly resolveWithNewModule define-properties@1.1.3 checking installable status
836 http fetch GET 304 https://registry.npmjs.org/function-bind 35ms (from cache)
837 http fetch GET 304 https://registry.npmjs.org/object-keys 35ms (from cache)
838 silly pacote range manifest for function-bind@^1.1.1 fetched in 37ms
839 silly resolveWithNewModule function-bind@1.1.1 checking installable status
840 silly pacote range manifest for object-keys@^1.0.11 fetched in 37ms
841 silly resolveWithNewModule object-keys@1.1.1 checking installable status
842 http fetch GET 304 https://registry.npmjs.org/has-symbols 38ms (from cache)
843 silly pacote range manifest for has-symbols@^1.0.0 fetched in 39ms
844 silly resolveWithNewModule has-symbols@1.0.1 checking installable status
845 http fetch GET 200 https://registry.npmjs.org/arr-map 21ms
846 http fetch GET 200 https://registry.npmjs.org/bach 27ms
847 http fetch GET 200 https://registry.npmjs.org/es6-weak-map 28ms
848 http fetch GET 200 https://registry.npmjs.org/undertaker-registry 27ms
849 http fetch GET 200 https://registry.npmjs.org/object.reduce 37ms
850 http fetch GET 200 https://registry.npmjs.org/collection-map 38ms
851 http fetch GET 200 https://registry.npmjs.org/last-run 42ms
852 http fetch GET 200 https://registry.npmjs.org/arr-map/-/arr-map-2.0.2.tgz 40ms
853 http fetch GET 200 https://registry.npmjs.org/es6-weak-map/-/es6-weak-map-2.0.3.tgz 29ms
854 http fetch GET 200 https://registry.npmjs.org/bach/-/bach-1.2.0.tgz 30ms
855 http fetch GET 200 https://registry.npmjs.org/undertaker-registry/-/undertaker-registry-1.0.1.tgz 30ms
856 silly pacote range manifest for arr-map@^2.0.0 fetched in 69ms
857 silly resolveWithNewModule arr-map@2.0.2 checking installable status
858 silly pacote range manifest for es6-weak-map@^2.0.1 fetched in 69ms
859 silly resolveWithNewModule es6-weak-map@2.0.3 checking installable status
860 silly pacote range manifest for bach@^1.0.0 fetched in 69ms
861 silly resolveWithNewModule bach@1.2.0 checking installable status
862 silly pacote range manifest for undertaker-registry@^1.0.0 fetched in 69ms
863 silly resolveWithNewModule undertaker-registry@1.0.1 checking installable status
864 http fetch GET 200 https://registry.npmjs.org/collection-map/-/collection-map-1.0.0.tgz 33ms
865 http fetch GET 200 https://registry.npmjs.org/object.reduce/-/object.reduce-1.0.1.tgz 37ms
866 silly pacote range manifest for collection-map@^1.0.0 fetched in 77ms
867 silly resolveWithNewModule collection-map@1.0.0 checking installable status
868 http fetch GET 200 https://registry.npmjs.org/last-run/-/last-run-1.1.1.tgz 22ms
869 silly pacote range manifest for object.reduce@^1.0.0 fetched in 78ms
870 silly resolveWithNewModule object.reduce@1.0.1 checking installable status
871 silly pacote range manifest for last-run@^1.1.0 fetched in 79ms
872 silly resolveWithNewModule last-run@1.1.1 checking installable status
873 http fetch GET 200 https://registry.npmjs.org/array-initial 21ms
874 http fetch GET 200 https://registry.npmjs.org/arr-filter 35ms
875 http fetch GET 200 https://registry.npmjs.org/now-and-later 35ms
876 http fetch GET 200 https://registry.npmjs.org/async-settle 35ms
877 http fetch GET 200 https://registry.npmjs.org/array-last 36ms
878 http fetch GET 200 https://registry.npmjs.org/array-initial/-/array-initial-1.1.0.tgz 38ms
879 http fetch GET 200 https://registry.npmjs.org/array-last/-/array-last-1.3.0.tgz 30ms
880 http fetch GET 200 https://registry.npmjs.org/arr-filter/-/arr-filter-1.1.2.tgz 33ms
881 http fetch GET 200 https://registry.npmjs.org/now-and-later/-/now-and-later-2.0.1.tgz 38ms
882 silly pacote range manifest for array-initial@^1.0.0 fetched in 77ms
883 silly resolveWithNewModule array-initial@1.1.0 checking installable status
884 silly pacote range manifest for array-last@^1.1.1 fetched in 78ms
885 silly resolveWithNewModule array-last@1.3.0 checking installable status
886 silly pacote range manifest for arr-filter@^1.1.1 fetched in 79ms
887 silly resolveWithNewModule arr-filter@1.1.2 checking installable status
888 http fetch GET 200 https://registry.npmjs.org/async-settle/-/async-settle-1.0.0.tgz 41ms
889 silly pacote range manifest for now-and-later@^2.0.0 fetched in 79ms
890 silly resolveWithNewModule now-and-later@2.0.1 checking installable status
891 silly pacote range manifest for async-settle@^1.0.0 fetched in 80ms
892 silly resolveWithNewModule async-settle@1.0.0 checking installable status
893 http fetch GET 200 https://registry.npmjs.org/is-number/-/is-number-4.0.0.tgz 28ms
894 silly pacote range manifest for is-number@^4.0.0 fetched in 32ms
895 silly resolveWithNewModule is-number@4.0.0 checking installable status
896 silly pacote range manifest for is-number@^4.0.0 fetched in 1ms
897 silly resolveWithNewModule is-number@4.0.0 checking installable status
898 http fetch GET 200 https://registry.npmjs.org/default-resolution 24ms
899 http fetch GET 200 https://registry.npmjs.org/default-resolution/-/default-resolution-2.0.0.tgz 24ms
900 silly pacote range manifest for default-resolution@^2.0.0 fetched in 53ms
901 silly resolveWithNewModule default-resolution@2.0.0 checking installable status
902 http fetch GET 200 https://registry.npmjs.org/remove-bom-buffer 37ms
903 http fetch GET 200 https://registry.npmjs.org/fs-mkdirp-stream 39ms
904 http fetch GET 200 https://registry.npmjs.org/remove-bom-stream 39ms
905 http fetch GET 200 https://registry.npmjs.org/is-valid-glob 43ms
906 http fetch GET 200 https://registry.npmjs.org/resolve-options 42ms
907 http fetch GET 200 https://registry.npmjs.org/lazystream 46ms
908 http fetch GET 200 https://registry.npmjs.org/glob-stream 47ms
909 http fetch GET 200 https://registry.npmjs.org/lead 55ms
910 http fetch GET 304 https://registry.npmjs.org/pumpify 58ms (from cache)
911 http fetch GET 304 https://registry.npmjs.org/through2 59ms (from cache)
912 silly pacote range manifest for pumpify@^1.3.5 fetched in 61ms
913 silly resolveWithNewModule pumpify@1.5.1 checking installable status
914 silly pacote range manifest for through2@^2.0.0 fetched in 88ms
915 silly resolveWithNewModule through2@2.0.5 checking installable status
916 http fetch GET 200 https://registry.npmjs.org/remove-bom-buffer/-/remove-bom-buffer-3.0.0.tgz 52ms
917 http fetch GET 200 https://registry.npmjs.org/fs-mkdirp-stream/-/fs-mkdirp-stream-1.0.0.tgz 53ms
918 http fetch GET 200 https://registry.npmjs.org/is-valid-glob/-/is-valid-glob-1.0.0.tgz 46ms
919 http fetch GET 200 https://registry.npmjs.org/resolve-options/-/resolve-options-1.1.0.tgz 47ms
920 http fetch GET 200 https://registry.npmjs.org/lead/-/lead-1.0.0.tgz 39ms
921 http fetch GET 200 https://registry.npmjs.org/remove-bom-stream/-/remove-bom-stream-1.2.0.tgz 51ms
922 http fetch GET 200 https://registry.npmjs.org/lazystream/-/lazystream-1.0.0.tgz 46ms
923 http fetch GET 200 https://registry.npmjs.org/glob-stream/-/glob-stream-6.1.0.tgz 45ms
924 silly pacote range manifest for remove-bom-buffer@^3.0.0 fetched in 100ms
925 silly resolveWithNewModule remove-bom-buffer@3.0.0 checking installable status
926 silly pacote range manifest for fs-mkdirp-stream@^1.0.0 fetched in 102ms
927 silly resolveWithNewModule fs-mkdirp-stream@1.0.0 checking installable status
928 silly pacote range manifest for is-valid-glob@^1.0.0 fetched in 103ms
929 silly resolveWithNewModule is-valid-glob@1.0.0 checking installable status
930 silly pacote range manifest for resolve-options@^1.1.0 fetched in 102ms
931 silly resolveWithNewModule resolve-options@1.1.0 checking installable status
932 silly pacote range manifest for lead@^1.0.0 fetched in 104ms
933 silly resolveWithNewModule lead@1.0.0 checking installable status
934 silly pacote range manifest for remove-bom-stream@^1.2.0 fetched in 105ms
935 silly resolveWithNewModule remove-bom-stream@1.2.0 checking installable status
936 silly pacote range manifest for lazystream@^1.0.0 fetched in 106ms
937 silly resolveWithNewModule lazystream@1.0.0 checking installable status
938 silly pacote range manifest for glob-stream@^6.1.0 fetched in 108ms
939 silly resolveWithNewModule glob-stream@6.1.0 checking installable status
940 http fetch GET 200 https://registry.npmjs.org/value-or-function 35ms
941 http fetch GET 200 https://registry.npmjs.org/to-through 58ms
942 http fetch GET 200 https://registry.npmjs.org/vinyl 29ms
943 http fetch GET 200 https://registry.npmjs.org/vinyl-sourcemap 34ms
944 http fetch GET 200 https://registry.npmjs.org/vinyl/-/vinyl-2.2.0.tgz 25ms
945 http fetch GET 200 https://registry.npmjs.org/value-or-function/-/value-or-function-3.0.0.tgz 32ms
946 silly pacote range manifest for value-or-function@^3.0.0 fetched in 74ms
947 silly resolveWithNewModule value-or-function@3.0.0 checking installable status
948 silly pacote range manifest for vinyl@^2.0.0 fetched in 63ms
949 silly resolveWithNewModule vinyl@2.2.0 checking installable status
950 http fetch GET 200 https://registry.npmjs.org/vinyl-sourcemap/-/vinyl-sourcemap-1.1.0.tgz 30ms
951 http fetch GET 200 https://registry.npmjs.org/to-through/-/to-through-2.0.0.tgz 39ms
952 silly pacote range manifest for vinyl-sourcemap@^1.1.0 fetched in 67ms
953 silly resolveWithNewModule vinyl-sourcemap@1.1.0 checking installable status
954 silly pacote range manifest for to-through@^2.0.0 fetched in 103ms
955 silly resolveWithNewModule to-through@2.0.0 checking installable status
956 http fetch GET 304 https://registry.npmjs.org/xtend 35ms (from cache)
957 silly pacote range manifest for xtend@~4.0.1 fetched in 37ms
958 silly resolveWithNewModule xtend@4.0.2 checking installable status
959 http fetch GET 200 https://registry.npmjs.org/unique-stream 24ms
960 http fetch GET 200 https://registry.npmjs.org/to-absolute-glob 25ms
961 http fetch GET 200 https://registry.npmjs.org/ordered-read-streams 31ms
962 http fetch GET 304 https://registry.npmjs.org/glob 37ms (from cache)
963 silly pacote range manifest for glob@^7.1.1 fetched in 39ms
964 silly resolveWithNewModule glob@7.1.6 checking installable status
965 http fetch GET 200 https://registry.npmjs.org/ordered-read-streams/-/ordered-read-streams-1.0.1.tgz 16ms
966 silly pacote range manifest for ordered-read-streams@^1.0.0 fetched in 51ms
967 silly resolveWithNewModule ordered-read-streams@1.0.1 checking installable status
968 http fetch GET 200 https://registry.npmjs.org/unique-stream/-/unique-stream-2.3.1.tgz 24ms
969 silly pacote range manifest for unique-stream@^2.0.2 fetched in 52ms
970 silly resolveWithNewModule unique-stream@2.3.1 checking installable status
971 http fetch GET 200 https://registry.npmjs.org/to-absolute-glob/-/to-absolute-glob-2.0.2.tgz 31ms
972 silly pacote range manifest for to-absolute-glob@^2.0.0 fetched in 59ms
973 silly resolveWithNewModule to-absolute-glob@2.0.2 checking installable status
974 http fetch GET 304 https://registry.npmjs.org/fs.realpath 34ms (from cache)
975 silly pacote range manifest for fs.realpath@^1.0.0 fetched in 35ms
976 silly resolveWithNewModule fs.realpath@1.0.0 checking installable status
977 http fetch GET 304 https://registry.npmjs.org/minimatch 36ms (from cache)
978 silly pacote range manifest for minimatch@^3.0.4 fetched in 39ms
979 silly resolveWithNewModule minimatch@3.0.4 checking installable status
980 http fetch GET 304 https://registry.npmjs.org/inflight 47ms (from cache)
981 silly pacote range manifest for inflight@^1.0.4 fetched in 48ms
982 silly resolveWithNewModule inflight@1.0.6 checking installable status
983 http fetch GET 304 https://registry.npmjs.org/brace-expansion 26ms (from cache)
984 silly pacote range manifest for brace-expansion@^1.1.7 fetched in 28ms
985 silly resolveWithNewModule brace-expansion@1.1.11 checking installable status
986 http fetch GET 304 https://registry.npmjs.org/concat-map 40ms (from cache)
987 http fetch GET 304 https://registry.npmjs.org/balanced-match 41ms (from cache)
988 silly pacote version manifest for concat-map@0.0.1 fetched in 41ms
989 silly resolveWithNewModule concat-map@0.0.1 checking installable status
990 silly pacote range manifest for balanced-match@^1.0.0 fetched in 42ms
991 silly resolveWithNewModule balanced-match@1.0.0 checking installable status
992 http fetch GET 304 https://registry.npmjs.org/pump 28ms (from cache)
993 http fetch GET 304 https://registry.npmjs.org/duplexify 28ms (from cache)
994 silly pacote range manifest for duplexify@^3.6.0 fetched in 30ms
995 silly resolveWithNewModule duplexify@3.7.1 checking installable status
996 silly pacote range manifest for pump@^2.0.0 fetched in 31ms
997 silly resolveWithNewModule pump@2.0.1 checking installable status
998 http fetch GET 304 https://registry.npmjs.org/stream-shift 28ms (from cache)
999 silly pacote range manifest for stream-shift@^1.0.0 fetched in 30ms
1000 silly resolveWithNewModule stream-shift@1.0.1 checking installable status
1001 http fetch GET 200 https://registry.npmjs.org/through2-filter 18ms
1002 http fetch GET 200 https://registry.npmjs.org/json-stable-stringify-without-jsonify 28ms
1003 http fetch GET 200 https://registry.npmjs.org/through2-filter/-/through2-filter-3.0.0.tgz 17ms
1004 silly pacote range manifest for through2-filter@^3.0.0 fetched in 40ms
1005 silly resolveWithNewModule through2-filter@3.0.0 checking installable status
1006 http fetch GET 200 https://registry.npmjs.org/json-stable-stringify-without-jsonify/-/json-stable-stringify-without-jsonify-1.0.1.tgz 35ms
1007 silly pacote range manifest for json-stable-stringify-without-jsonify@^1.0.1 fetched in 65ms
1008 silly resolveWithNewModule json-stable-stringify-without-jsonify@1.0.1 checking installable status
1009 http fetch GET 304 https://registry.npmjs.org/flush-write-stream 24ms (from cache)
1010 silly pacote range manifest for flush-write-stream@^1.0.2 fetched in 26ms
1011 silly resolveWithNewModule flush-write-stream@1.1.1 checking installable status
1012 http fetch GET 200 https://registry.npmjs.org/clone-stats 26ms
1013 http fetch GET 200 https://registry.npmjs.org/clone-buffer 31ms
1014 http fetch GET 200 https://registry.npmjs.org/cloneable-readable 35ms
1015 http fetch GET 200 https://registry.npmjs.org/clone 36ms
1016 http fetch GET 304 https://registry.npmjs.org/replace-ext 38ms (from cache)
1017 silly pacote range manifest for replace-ext@^1.0.0 fetched in 41ms
1018 silly resolveWithNewModule replace-ext@1.0.1 checking installable status
1019 http fetch GET 200 https://registry.npmjs.org/clone-stats/-/clone-stats-1.0.0.tgz 18ms
1020 silly pacote range manifest for clone-stats@^1.0.0 fetched in 51ms
1021 silly resolveWithNewModule clone-stats@1.0.0 checking installable status
1022 http fetch GET 200 https://registry.npmjs.org/cloneable-readable/-/cloneable-readable-1.1.3.tgz 21ms
1023 http fetch GET 200 https://registry.npmjs.org/clone/-/clone-2.1.2.tgz 21ms
1024 http fetch GET 200 https://registry.npmjs.org/clone-buffer/-/clone-buffer-1.0.0.tgz 27ms
1025 silly pacote range manifest for cloneable-readable@^1.0.0 fetched in 60ms
1026 silly resolveWithNewModule cloneable-readable@1.1.3 checking installable status
1027 silly pacote range manifest for clone@^2.1.1 fetched in 62ms
1028 silly resolveWithNewModule clone@2.1.2 checking installable status
1029 silly pacote range manifest for clone-buffer@^1.0.0 fetched in 62ms
1030 silly resolveWithNewModule clone-buffer@1.0.0 checking installable status
1031 silly pacote range manifest for normalize-path@^2.1.1 fetched in 1ms
1032 silly resolveWithNewModule normalize-path@2.1.1 checking installable status
1033 http fetch GET 304 https://registry.npmjs.org/convert-source-map 24ms (from cache)
1034 http fetch GET 200 https://registry.npmjs.org/append-buffer 26ms
1035 silly pacote range manifest for convert-source-map@^1.5.0 fetched in 26ms
1036 silly resolveWithNewModule convert-source-map@1.7.0 checking installable status
1037 http fetch GET 200 https://registry.npmjs.org/append-buffer/-/append-buffer-1.0.2.tgz 26ms
1038 silly pacote range manifest for append-buffer@^1.0.2 fetched in 57ms
1039 silly resolveWithNewModule append-buffer@1.0.2 checking installable status
1040 http fetch GET 200 https://registry.npmjs.org/buffer-equal 21ms
1041 http fetch GET 200 https://registry.npmjs.org/buffer-equal/-/buffer-equal-1.0.0.tgz 20ms
1042 silly pacote range manifest for buffer-equal@^1.0.0 fetched in 44ms
1043 silly resolveWithNewModule buffer-equal@1.0.0 checking installable status
1044 timing stage:loadIdealTree:loadAllDepsIntoIdealTree Completed in 6127ms
1045 timing stage:loadIdealTree Completed in 6233ms
1046 silly currentTree lib
1047 silly idealTree lib
1047 silly idealTree  gulp@4.0.2
1047 silly idealTree    ansi-colors@1.1.0
1047 silly idealTree    ansi-gray@0.1.1
1047 silly idealTree    ansi-regex@2.1.1
1047 silly idealTree    ansi-wrap@0.1.0
1047 silly idealTree    anymatch@2.0.0
1047 silly idealTree     normalize-path@2.1.1
1047 silly idealTree    append-buffer@1.0.2
1047 silly idealTree    archy@1.0.0
1047 silly idealTree    arr-diff@4.0.0
1047 silly idealTree    arr-filter@1.1.2
1047 silly idealTree    arr-flatten@1.1.0
1047 silly idealTree    arr-map@2.0.2
1047 silly idealTree    arr-union@3.1.0
1047 silly idealTree    array-each@1.0.1
1047 silly idealTree    array-initial@1.1.0
1047 silly idealTree     is-number@4.0.0
1047 silly idealTree    array-last@1.3.0
1047 silly idealTree     is-number@4.0.0
1047 silly idealTree    array-slice@1.1.0
1047 silly idealTree    array-sort@1.0.0
1047 silly idealTree     kind-of@5.1.0
1047 silly idealTree    array-unique@0.3.2
1047 silly idealTree    assign-symbols@1.0.0
1047 silly idealTree    async-done@1.3.2
1047 silly idealTree    async-each@1.0.3
1047 silly idealTree    async-settle@1.0.0
1047 silly idealTree    atob@2.1.2
1047 silly idealTree    bach@1.2.0
1047 silly idealTree    balanced-match@1.0.0
1047 silly idealTree    base@0.11.2
1047 silly idealTree     define-property@1.0.0
1047 silly idealTree     is-accessor-descriptor@1.0.0
1047 silly idealTree     is-data-descriptor@1.0.0
1047 silly idealTree     is-descriptor@1.0.2
1047 silly idealTree    binary-extensions@1.13.1
1047 silly idealTree    brace-expansion@1.1.11
1047 silly idealTree    braces@2.3.2
1047 silly idealTree     extend-shallow@2.0.1
1047 silly idealTree    buffer-equal@1.0.0
1047 silly idealTree    buffer-from@1.1.1
1047 silly idealTree    cache-base@1.0.1
1047 silly idealTree    camelcase@3.0.0
1047 silly idealTree    chokidar@2.1.8
1047 silly idealTree    class-utils@0.3.6
1047 silly idealTree     define-property@0.2.5
1047 silly idealTree    cliui@3.2.0
1047 silly idealTree    clone-buffer@1.0.0
1047 silly idealTree    clone-stats@1.0.0
1047 silly idealTree    clone@2.1.2
1047 silly idealTree    cloneable-readable@1.1.3
1047 silly idealTree    code-point-at@1.1.0
1047 silly idealTree    collection-map@1.0.0
1047 silly idealTree    collection-visit@1.0.0
1047 silly idealTree    color-support@1.1.3
1047 silly idealTree    component-emitter@1.3.0
1047 silly idealTree    concat-map@0.0.1
1047 silly idealTree    concat-stream@1.6.2
1047 silly idealTree    convert-source-map@1.7.0
1047 silly idealTree    copy-descriptor@0.1.1
1047 silly idealTree    copy-props@2.0.4
1047 silly idealTree    core-util-is@1.0.2
1047 silly idealTree    d@1.0.1
1047 silly idealTree    debug@2.6.9
1047 silly idealTree    decamelize@1.2.0
1047 silly idealTree    decode-uri-component@0.2.0
1047 silly idealTree    default-compare@1.0.0
1047 silly idealTree     kind-of@5.1.0
1047 silly idealTree    default-resolution@2.0.0
1047 silly idealTree    define-properties@1.1.3
1047 silly idealTree    define-property@2.0.2
1047 silly idealTree     is-accessor-descriptor@1.0.0
1047 silly idealTree     is-data-descriptor@1.0.0
1047 silly idealTree     is-descriptor@1.0.2
1047 silly idealTree    detect-file@1.0.0
1047 silly idealTree    duplexify@3.7.1
1047 silly idealTree    each-props@1.3.2
1047 silly idealTree    end-of-stream@1.4.4
1047 silly idealTree    error-ex@1.3.2
1047 silly idealTree    es5-ext@0.10.53
1047 silly idealTree    es6-iterator@2.0.3
1047 silly idealTree    es6-symbol@3.1.3
1047 silly idealTree    es6-weak-map@2.0.3
1047 silly idealTree    expand-brackets@2.1.4
1047 silly idealTree     define-property@0.2.5
1047 silly idealTree     extend-shallow@2.0.1
1047 silly idealTree    expand-tilde@2.0.2
1047 silly idealTree    ext@1.4.0
1047 silly idealTree     type@2.0.0
1047 silly idealTree    extend-shallow@3.0.2
1047 silly idealTree     is-extendable@1.0.1
1047 silly idealTree    extend@3.0.2
1047 silly idealTree    extglob@2.0.4
1047 silly idealTree     define-property@1.0.0
1047 silly idealTree     extend-shallow@2.0.1
1047 silly idealTree     is-accessor-descriptor@1.0.0
1047 silly idealTree     is-data-descriptor@1.0.0
1047 silly idealTree     is-descriptor@1.0.2
1047 silly idealTree    fancy-log@1.3.3
1047 silly idealTree    fill-range@4.0.0
1047 silly idealTree     extend-shallow@2.0.1
1047 silly idealTree    find-up@1.1.2
1047 silly idealTree    findup-sync@3.0.0
1047 silly idealTree    fined@1.2.0
1047 silly idealTree    flagged-respawn@1.0.1
1047 silly idealTree    flush-write-stream@1.1.1
1047 silly idealTree    for-in@1.0.2
1047 silly idealTree    for-own@1.0.0
1047 silly idealTree    fragment-cache@0.2.1
1047 silly idealTree    fs-mkdirp-stream@1.0.0
1047 silly idealTree    fs.realpath@1.0.0
1047 silly idealTree    fsevents@1.2.13
1047 silly idealTree    function-bind@1.1.1
1047 silly idealTree    get-caller-file@1.0.3
1047 silly idealTree    get-value@2.0.6
1047 silly idealTree    glob-parent@3.1.0
1047 silly idealTree     is-glob@3.1.0
1047 silly idealTree    glob-stream@6.1.0
1047 silly idealTree    glob-watcher@5.0.5
1047 silly idealTree    glob@7.1.6
1047 silly idealTree    global-modules@1.0.0
1047 silly idealTree    global-prefix@1.0.2
1047 silly idealTree    glogg@1.0.2
1047 silly idealTree    graceful-fs@4.2.4
1047 silly idealTree    gulp-cli@2.3.0
1047 silly idealTree    gulplog@1.0.0
1047 silly idealTree    has-symbols@1.0.1
1047 silly idealTree    has-value@1.0.0
1047 silly idealTree    has-values@1.0.0
1047 silly idealTree     kind-of@4.0.0
1047 silly idealTree    homedir-polyfill@1.0.3
1047 silly idealTree    hosted-git-info@2.8.8
1047 silly idealTree    inflight@1.0.6
1047 silly idealTree    inherits@2.0.4
1047 silly idealTree    ini@1.3.5
1047 silly idealTree    interpret@1.4.0
1047 silly idealTree    invert-kv@1.0.0
1047 silly idealTree    is-absolute@1.0.0
1047 silly idealTree    is-accessor-descriptor@0.1.6
1047 silly idealTree     kind-of@3.2.2
1047 silly idealTree    is-arrayish@0.2.1
1047 silly idealTree    is-binary-path@1.0.1
1047 silly idealTree    is-buffer@1.1.6
1047 silly idealTree    is-data-descriptor@0.1.4
1047 silly idealTree     kind-of@3.2.2
1047 silly idealTree    is-descriptor@0.1.6
1047 silly idealTree     kind-of@5.1.0
1047 silly idealTree    is-extendable@0.1.1
1047 silly idealTree    is-extglob@2.1.1
1047 silly idealTree    is-fullwidth-code-point@1.0.0
1047 silly idealTree    is-glob@4.0.1
1047 silly idealTree    is-negated-glob@1.0.0
1047 silly idealTree    is-number@3.0.0
1047 silly idealTree     kind-of@3.2.2
1047 silly idealTree    is-plain-object@2.0.4
1047 silly idealTree    is-relative@1.0.0
1047 silly idealTree    is-unc-path@1.0.0
1047 silly idealTree    is-utf8@0.2.1
1047 silly idealTree    is-valid-glob@1.0.0
1047 silly idealTree    is-windows@1.0.2
1047 silly idealTree    isarray@1.0.0
1047 silly idealTree    isexe@2.0.0
1047 silly idealTree    isobject@3.0.1
1047 silly idealTree    json-stable-stringify-without-jsonify@1.0.1
1047 silly idealTree    just-debounce@1.0.0
1047 silly idealTree    kind-of@6.0.3
1047 silly idealTree    last-run@1.1.1
1047 silly idealTree    lazystream@1.0.0
1047 silly idealTree    lcid@1.0.0
1047 silly idealTree    lead@1.0.0
1047 silly idealTree    liftoff@3.1.0
1047 silly idealTree    load-json-file@1.1.0
1047 silly idealTree    make-iterator@1.0.1
1047 silly idealTree    map-cache@0.2.2
1047 silly idealTree    map-visit@1.0.0
1047 silly idealTree    matchdep@2.0.0
1047 silly idealTree     findup-sync@2.0.0
1047 silly idealTree     is-glob@3.1.0
1047 silly idealTree    micromatch@3.1.10
1047 silly idealTree    minimatch@3.0.4
1047 silly idealTree    mixin-deep@1.3.2
1047 silly idealTree     is-extendable@1.0.1
1047 silly idealTree    ms@2.0.0
1047 silly idealTree    mute-stdout@1.0.1
1047 silly idealTree    nanomatch@1.2.13
1047 silly idealTree    next-tick@1.0.0
1047 silly idealTree    normalize-package-data@2.5.0
1047 silly idealTree    normalize-path@3.0.0
1047 silly idealTree    now-and-later@2.0.1
1047 silly idealTree    number-is-nan@1.0.1
1047 silly idealTree    object-copy@0.1.0
1047 silly idealTree     define-property@0.2.5
1047 silly idealTree     kind-of@3.2.2
1047 silly idealTree    object-keys@1.1.1
1047 silly idealTree    object-visit@1.0.1
1047 silly idealTree    object.assign@4.1.0
1047 silly idealTree    object.defaults@1.1.0
1047 silly idealTree    object.map@1.0.1
1047 silly idealTree    object.pick@1.3.0
1047 silly idealTree    object.reduce@1.0.1
1047 silly idealTree    once@1.4.0
1047 silly idealTree    ordered-read-streams@1.0.1
1047 silly idealTree    os-locale@1.4.0
1047 silly idealTree    parse-filepath@1.0.2
1047 silly idealTree    parse-json@2.2.0
1047 silly idealTree    parse-node-version@1.0.1
1047 silly idealTree    parse-passwd@1.0.0
1047 silly idealTree    pascalcase@0.1.1
1047 silly idealTree    path-dirname@1.0.2
1047 silly idealTree    path-exists@2.1.0
1047 silly idealTree    path-is-absolute@1.0.1
1047 silly idealTree    path-parse@1.0.6
1047 silly idealTree    path-root-regex@0.1.2
1047 silly idealTree    path-root@0.1.1
1047 silly idealTree    path-type@1.1.0
1047 silly idealTree    pify@2.3.0
1047 silly idealTree    pinkie-promise@2.0.1
1047 silly idealTree    pinkie@2.0.4
1047 silly idealTree    posix-character-classes@0.1.1
1047 silly idealTree    pretty-hrtime@1.0.3
1047 silly idealTree    process-nextick-args@2.0.1
1047 silly idealTree    pump@2.0.1
1047 silly idealTree    pumpify@1.5.1
1047 silly idealTree    read-pkg-up@1.0.1
1047 silly idealTree    read-pkg@1.1.0
1047 silly idealTree    readable-stream@2.3.7
1047 silly idealTree    readdirp@2.2.1
1047 silly idealTree    rechoir@0.6.2
1047 silly idealTree    regex-not@1.0.2
1047 silly idealTree    remove-bom-buffer@3.0.0
1047 silly idealTree    remove-bom-stream@1.2.0
1047 silly idealTree    remove-trailing-separator@1.1.0
1047 silly idealTree    repeat-element@1.1.3
1047 silly idealTree    repeat-string@1.6.1
1047 silly idealTree    replace-ext@1.0.1
1047 silly idealTree    replace-homedir@1.0.0
1047 silly idealTree    require-directory@2.1.1
1047 silly idealTree    require-main-filename@1.0.1
1047 silly idealTree    resolve-dir@1.0.1
1047 silly idealTree    resolve-options@1.1.0
1047 silly idealTree    resolve-url@0.2.1
1047 silly idealTree    resolve@1.17.0
1047 silly idealTree    ret@0.1.15
1047 silly idealTree    safe-buffer@5.1.2
1047 silly idealTree    safe-regex@1.1.0
1047 silly idealTree    semver-greatest-satisfied-range@1.1.0
1047 silly idealTree    semver@5.7.1
1047 silly idealTree    set-blocking@2.0.0
1047 silly idealTree    set-value@2.0.1
1047 silly idealTree     extend-shallow@2.0.1
1047 silly idealTree    snapdragon-node@2.1.1
1047 silly idealTree     define-property@1.0.0
1047 silly idealTree     is-accessor-descriptor@1.0.0
1047 silly idealTree     is-data-descriptor@1.0.0
1047 silly idealTree     is-descriptor@1.0.2
1047 silly idealTree    snapdragon-util@3.0.1
1047 silly idealTree     kind-of@3.2.2
1047 silly idealTree    snapdragon@0.8.2
1047 silly idealTree     define-property@0.2.5
1047 silly idealTree     extend-shallow@2.0.1
1047 silly idealTree    source-map-resolve@0.5.3
1047 silly idealTree    source-map-url@0.4.0
1047 silly idealTree    source-map@0.5.7
1047 silly idealTree    sparkles@1.0.1
1047 silly idealTree    spdx-correct@3.1.1
1047 silly idealTree    spdx-exceptions@2.3.0
1047 silly idealTree    spdx-expression-parse@3.0.1
1047 silly idealTree    spdx-license-ids@3.0.5
1047 silly idealTree    split-string@3.1.0
1047 silly idealTree    stack-trace@0.0.10
1047 silly idealTree    static-extend@0.1.2
1047 silly idealTree     define-property@0.2.5
1047 silly idealTree    stream-exhaust@1.0.2
1047 silly idealTree    stream-shift@1.0.1
1047 silly idealTree    string_decoder@1.1.1
1047 silly idealTree    string-width@1.0.2
1047 silly idealTree    strip-ansi@3.0.1
1047 silly idealTree    strip-bom@2.0.0
1047 silly idealTree    sver-compat@1.5.0
1047 silly idealTree    through2-filter@3.0.0
1047 silly idealTree    through2@2.0.5
1047 silly idealTree    time-stamp@1.1.0
1047 silly idealTree    to-absolute-glob@2.0.2
1047 silly idealTree    to-object-path@0.3.0
1047 silly idealTree     kind-of@3.2.2
1047 silly idealTree    to-regex-range@2.1.1
1047 silly idealTree    to-regex@3.0.2
1047 silly idealTree    to-through@2.0.0
1047 silly idealTree    type@1.2.0
1047 silly idealTree    typedarray@0.0.6
1047 silly idealTree    unc-path-regex@0.1.2
1047 silly idealTree    undertaker-registry@1.0.1
1047 silly idealTree    undertaker@1.2.1
1047 silly idealTree    union-value@1.0.1
1047 silly idealTree    unique-stream@2.3.1
1047 silly idealTree    unset-value@1.0.0
1047 silly idealTree     has-value@0.3.1
1047 silly idealTree      isobject@2.1.0
1047 silly idealTree     has-values@0.1.4
1047 silly idealTree    upath@1.2.0
1047 silly idealTree    urix@0.1.0
1047 silly idealTree    use@3.1.1
1047 silly idealTree    util-deprecate@1.0.2
1047 silly idealTree    v8flags@3.2.0
1047 silly idealTree    validate-npm-package-license@3.0.4
1047 silly idealTree    value-or-function@3.0.0
1047 silly idealTree    vinyl-fs@3.0.3
1047 silly idealTree    vinyl-sourcemap@1.1.0
1047 silly idealTree     normalize-path@2.1.1
1047 silly idealTree    vinyl@2.2.0
1047 silly idealTree    which-module@1.0.0
1047 silly idealTree    which@1.3.1
1047 silly idealTree    wrap-ansi@2.1.0
1047 silly idealTree    wrappy@1.0.2
1047 silly idealTree    xtend@4.0.2
1047 silly idealTree    y18n@3.2.1
1047 silly idealTree    yargs-parser@5.0.0-security.0
1047 silly idealTree    yargs@7.1.1
1048 silly install generateActionsToTake
1049 warn checkPermissions Missing write access to /usr/lib/node_modules
1050 timing stage:rollbackFailedOptional Completed in 1ms
1051 timing stage:runTopLevelLifecycles Completed in 6448ms
1052 warn optional SKIPPING OPTIONAL DEPENDENCY: fsevents@^1.2.7 (node_modules/gulp/node_modules/chokidar/node_modules/fsevents):
1053 warn notsup SKIPPING OPTIONAL DEPENDENCY: Unsupported platform for fsevents@1.2.13: wanted {"os":"darwin","arch":"any"} (current: {"os":"linux","arch":"x64"})
1054 verbose notsup SKIPPING OPTIONAL DEPENDENCY: Valid OS:    darwin
1054 verbose notsup SKIPPING OPTIONAL DEPENDENCY: Valid Arch:  any
1054 verbose notsup SKIPPING OPTIONAL DEPENDENCY: Actual OS:   linux
1054 verbose notsup SKIPPING OPTIONAL DEPENDENCY: Actual Arch: x64
1055 verbose stack Error: EACCES: permission denied, access '/usr/lib/node_modules'
1056 verbose cwd /home/vagrant/code/project1
1057 verbose Linux 4.15.0-96-generic
1058 verbose argv "/usr/bin/node" "/usr/bin/npm" "install" "-global" "gulp"
1059 verbose node v12.16.2
1060 verbose npm  v6.14.4
1061 error code EACCES
1062 error syscall access
1063 error path /usr/lib/node_modules
1064 error errno -13
1065 error Error: EACCES: permission denied, access '/usr/lib/node_modules'
1065 error  [Error: EACCES: permission denied, access '/usr/lib/node_modules'] {
1065 error   stack: "Error: EACCES: permission denied, access '/usr/lib/node_modules'",
1065 error   errno: -13,
1065 error   code: 'EACCES',
1065 error   syscall: 'access',
1065 error   path: '/usr/lib/node_modules'
1065 error }
1066 error The operation was rejected by your operating system.
1066 error It is likely you do not have the permissions to access this file as the current user
1066 error
1066 error If you believe this might be a permissions issue, please double-check the
1066 error permissions of the file and its containing directories, or try running
1066 error the command again as root/Administrator.
1067 verbose exit [ -13, true ]
